#
# There is insufficient memory for the Java Runtime Environment to continue.
# Native memory allocation (malloc) failed to allocate 708096 bytes for Chunk::new
# Possible reasons:
#   The system is out of physical RAM or swap space
#   In 32 bit mode, the process size limit was hit
# Possible solutions:
#   Reduce memory load on the system
#   Increase physical memory or swap space
#   Check if swap backing store is full
#   Use 64 bit Java on a 64 bit OS
#   Decrease Java heap size (-Xmx/-Xms)
#   Decrease number of Java threads
#   Decrease Java thread stack sizes (-Xss)
#   Set larger code cache with -XX:ReservedCodeCacheSize=
# This output file may be truncated or incomplete.
#
#  Out of Memory Error (allocation.cpp:390), pid=1540, tid=11580
#
# JRE version: Java(TM) SE Runtime Environment (8.0_45-b14) (build 1.8.0_45-b14)
# Java VM: Java HotSpot(TM) 64-Bit Server VM (25.45-b02 mixed mode windows-amd64 compressed oops)
# Failed to write core dump. Minidumps are not enabled by default on client versions of Windows
#

---------------  T H R E A D  ---------------

Current thread (0x0000000016f90800):  JavaThread "C2 CompilerThread0" daemon [_thread_in_native, id=11580, stack(0x0000000017560000,0x0000000017660000)]

Stack: [0x0000000017560000,0x0000000017660000]
Native frames: (J=compiled Java code, j=interpreted, Vv=VM code, C=native code)
V  [jvm.dll+0x32b57a]
V  [jvm.dll+0x279873]
V  [jvm.dll+0x27a509]
V  [jvm.dll+0x271825]
V  [jvm.dll+0xcb9e2]
V  [jvm.dll+0xcbeac]
V  [jvm.dll+0x476ef2]
V  [jvm.dll+0x4b955f]
V  [jvm.dll+0x46bc14]
V  [jvm.dll+0x46ccbe]
V  [jvm.dll+0x4500f2]
V  [jvm.dll+0xa4352]
V  [jvm.dll+0xa4c8f]
V  [jvm.dll+0x241984]
V  [jvm.dll+0x29853a]
C  [msvcr100.dll+0x21d9f]
C  [msvcr100.dll+0x21e3b]
C  [KERNEL32.DLL+0x13d2]
C  [ntdll.dll+0x15454]


Current CompileTask:
C2:   3225 1355       4       com.android.dx.ssa.LocalVariableExtractor::processBlock (383 bytes)


---------------  P R O C E S S  ---------------

Java Threads: ( => current thread )
  0x0000000017179800 JavaThread "pool-1-thread-4" [_thread_blocked, id=8608, stack(0x0000000017f60000,0x0000000018060000)]
  0x0000000017176800 JavaThread "pool-1-thread-3" [_thread_blocked, id=11500, stack(0x0000000017e60000,0x0000000017f60000)]
  0x000000001716c000 JavaThread "pool-1-thread-2" [_thread_blocked, id=7928, stack(0x0000000017d60000,0x0000000017e60000)]
  0x0000000017169800 JavaThread "pool-2-thread-1" [_thread_blocked, id=13124, stack(0x0000000017c60000,0x0000000017d60000)]
  0x0000000017168800 JavaThread "pool-1-thread-1" [_thread_blocked, id=12396, stack(0x0000000017b60000,0x0000000017c60000)]
  0x0000000017048000 JavaThread "Service Thread" daemon [_thread_blocked, id=12236, stack(0x0000000017960000,0x0000000017a60000)]
  0x0000000017038800 JavaThread "C1 CompilerThread3" daemon [_thread_blocked, id=8112, stack(0x0000000017860000,0x0000000017960000)]
  0x0000000017034800 JavaThread "C2 CompilerThread2" daemon [_thread_in_native, id=9600, stack(0x0000000017760000,0x0000000017860000)]
  0x000000001702e000 JavaThread "C2 CompilerThread1" daemon [_thread_in_native, id=10364, stack(0x0000000017660000,0x0000000017760000)]
=>0x0000000016f90800 JavaThread "C2 CompilerThread0" daemon [_thread_in_native, id=11580, stack(0x0000000017560000,0x0000000017660000)]
  0x0000000016f8d800 JavaThread "Attach Listener" daemon [_thread_blocked, id=6232, stack(0x0000000017460000,0x0000000017560000)]
  0x0000000016fdc800 JavaThread "Signal Dispatcher" daemon [_thread_blocked, id=7308, stack(0x0000000017360000,0x0000000017460000)]
  0x0000000002459000 JavaThread "Finalizer" daemon [_thread_blocked, id=12804, stack(0x0000000016e60000,0x0000000016f60000)]
  0x0000000002452000 JavaThread "Reference Handler" daemon [_thread_blocked, id=132, stack(0x0000000016d60000,0x0000000016e60000)]
  0x0000000002361000 JavaThread "main" [_thread_blocked, id=10308, stack(0x0000000002230000,0x0000000002330000)]

Other Threads:
  0x0000000014f79800 VMThread [stack: 0x0000000016c60000,0x0000000016d60000] [id=300]
  0x0000000017042000 WatcherThread [stack: 0x0000000017a60000,0x0000000017b60000] [id=9340]

VM state:not at safepoint (normal execution)

VM Mutex/Monitor currently owned by a thread: None

Heap:
 PSYoungGen      total 38400K, used 19116K [0x00000000eab00000, 0x00000000ed580000, 0x0000000100000000)
  eden space 33280K, 42% used [0x00000000eab00000,0x00000000eb8ad5a0,0x00000000ecb80000)
  from space 5120K, 99% used [0x00000000ecb80000,0x00000000ed07dc88,0x00000000ed080000)
  to   space 5120K, 0% used [0x00000000ed080000,0x00000000ed080000,0x00000000ed580000)
 ParOldGen       total 87552K, used 1567K [0x00000000c0000000, 0x00000000c5580000, 0x00000000eab00000)
  object space 87552K, 1% used [0x00000000c0000000,0x00000000c0187c90,0x00000000c5580000)
 Metaspace       used 6020K, capacity 6960K, committed 7040K, reserved 1056768K
  class space    used 588K, capacity 616K, committed 640K, reserved 1048576K

Card table byte_map: [0x0000000011820000,0x0000000011a30000] byte_map_base: 0x0000000011220000

Marking Bits: (ParMarkBitMap*) 0x0000000075a34040
 Begin Bits: [0x0000000012390000, 0x0000000013390000)
 End Bits:   [0x0000000013390000, 0x0000000014390000)

Polling page: 0x0000000000a30000

CodeCache: size=245760Kb used=5606Kb max_used=5616Kb free=240153Kb
 bounds [0x0000000002460000, 0x00000000029f0000, 0x0000000011460000]
 total_blobs=1657 nmethods=1389 adapters=182
 compilation: enabled

Compilation events (10 events):
Event: 3.135 Thread 0x0000000017038800 1388       3       com.android.dx.cf.code.OneLocalsArray::merge (22 bytes)
Event: 3.136 Thread 0x0000000017038800 nmethod 1388 0x00000000029d0b50 code [0x00000000029d0d20, 0x00000000029d1458]
Event: 3.136 Thread 0x0000000017038800 1389       3       com.android.dx.util.IntList::equals (82 bytes)
Event: 3.136 Thread 0x0000000017038800 nmethod 1389 0x00000000029d0210 code [0x00000000029d03a0, 0x00000000029d0950]
Event: 3.137 Thread 0x0000000017038800 1390       3       com.android.dx.ssa.DeadCodeRemover::<init> (44 bytes)
Event: 3.137 Thread 0x0000000017038800 nmethod 1390 0x00000000029cfb10 code [0x00000000029cfca0, 0x00000000029d0098]
Event: 3.138 Thread 0x0000000017038800 1391       3       com.android.dx.rop.code.SourcePosition::equals (46 bytes)
Event: 3.138 Thread 0x0000000017038800 nmethod 1391 0x00000000029d6190 code [0x00000000029d6320, 0x00000000029d6848]
Event: 3.138 Thread 0x0000000017038800 1392       3       com.android.dx.rop.type.StdTypeList::equalContents (56 bytes)
Event: 3.139 Thread 0x0000000017038800 nmethod 1392 0x00000000029d6950 code [0x00000000029d6b20, 0x00000000029d73e8]

GC Heap History (2 events):
Event: 2.518 GC heap before
{Heap before GC invocations=1 (full 0):
 PSYoungGen      total 38400K, used 33280K [0x00000000eab00000, 0x00000000ed580000, 0x0000000100000000)
  eden space 33280K, 100% used [0x00000000eab00000,0x00000000ecb80000,0x00000000ecb80000)
  from space 5120K, 0% used [0x00000000ed080000,0x00000000ed080000,0x00000000ed580000)
  to   space 5120K, 0% used [0x00000000ecb80000,0x00000000ecb80000,0x00000000ed080000)
 ParOldGen       total 87552K, used 0K [0x00000000c0000000, 0x00000000c5580000, 0x00000000eab00000)
  object space 87552K, 0% used [0x00000000c0000000,0x00000000c0000000,0x00000000c5580000)
 Metaspace       used 5969K, capacity 6896K, committed 7040K, reserved 1056768K
  class space    used 588K, capacity 616K, committed 640K, reserved 1048576K
Event: 2.949 GC heap after
Heap after GC invocations=1 (full 0):
 PSYoungGen      total 38400K, used 5111K [0x00000000eab00000, 0x00000000ed580000, 0x0000000100000000)
  eden space 33280K, 0% used [0x00000000eab00000,0x00000000eab00000,0x00000000ecb80000)
  from space 5120K, 99% used [0x00000000ecb80000,0x00000000ed07dc88,0x00000000ed080000)
  to   space 5120K, 0% used [0x00000000ed080000,0x00000000ed080000,0x00000000ed580000)
 ParOldGen       total 87552K, used 1567K [0x00000000c0000000, 0x00000000c5580000, 0x00000000eab00000)
  object space 87552K, 1% used [0x00000000c0000000,0x00000000c0187c90,0x00000000c5580000)
 Metaspace       used 5969K, capacity 6896K, committed 7040K, reserved 1056768K
  class space    used 588K, capacity 616K, committed 640K, reserved 1048576K
}

Deoptimization events (9 events):
Event: 1.003 Thread 0x0000000017176800 Uncommon trap: reason=unstable_if action=reinterpret pc=0x00000000026972f4 method=java.util.BitSet.ensureCapacity(I)V @ 6
Event: 1.004 Thread 0x0000000017176800 Uncommon trap: reason=unstable_if action=reinterpret pc=0x000000000267be70 method=java.util.BitSet.nextSetBit(I)I @ 87
Event: 1.420 Thread 0x0000000017168800 Uncommon trap: reason=unstable_if action=reinterpret pc=0x000000000271e424 method=com.android.dx.rop.code.RegisterSpecSet.put(Lcom/android/dx/rop/code/RegisterSpec;)V @ 77
Event: 1.454 Thread 0x0000000017168800 Uncommon trap: reason=class_check action=maybe_recompile pc=0x00000000026a5fb0 method=com.android.dx.ssa.NormalSsaInsn.accept(Lcom/android/dx/ssa/SsaInsn$Visitor;)V @ 9
Event: 1.454 Thread 0x0000000017168800 Uncommon trap: reason=class_check action=maybe_recompile pc=0x00000000026a5fb0 method=com.android.dx.ssa.NormalSsaInsn.accept(Lcom/android/dx/ssa/SsaInsn$Visitor;)V @ 9
Event: 1.454 Thread 0x0000000017168800 Uncommon trap: reason=class_check action=maybe_recompile pc=0x00000000026a5fb0 method=com.android.dx.ssa.NormalSsaInsn.accept(Lcom/android/dx/ssa/SsaInsn$Visitor;)V @ 9
Event: 1.455 Thread 0x0000000017168800 Uncommon trap: reason=class_check action=maybe_recompile pc=0x00000000026a5fb0 method=com.android.dx.ssa.NormalSsaInsn.accept(Lcom/android/dx/ssa/SsaInsn$Visitor;)V @ 9
Event: 1.612 Thread 0x0000000017176800 Uncommon trap: reason=class_check action=maybe_recompile pc=0x00000000027f4e48 method=com.android.dx.ssa.NormalSsaInsn.accept(Lcom/android/dx/ssa/SsaInsn$Visitor;)V @ 9
Event: 3.034 Thread 0x0000000002361000 Uncommon trap: reason=null_check action=make_not_entrant pc=0x00000000027fe304 method=com.android.dx.ssa.SsaRenamer.getLocalForNewReg(I)Lcom/android/dx/rop/code/LocalItem; @ 19

Internal exceptions (3 events):
Event: 0.083 Thread 0x0000000002361000 Exception <a 'java/lang/NoSuchMethodError': Method sun.misc.Unsafe.defineClass(Ljava/lang/String;[BII)Ljava/lang/Class; name or signature does not match> (0x00000000eab12f38) thrown at [C:\re\workspace\8-2-build-windows-amd64-cygwin\jdk8u45\3457\hotspot\sré.F¨8µ?
Event: 0.083 Thread 0x0000000002361000 Exception <a 'java/lang/NoSuchMethodError': Method sun.misc.Unsafe.prefetchRead(Ljava/lang/Object;J)V name or signature does not match> (0x00000000eab131c8) thrown at [C:\re\workspace\8-2-build-windows-amd64-cygwin\jdk8u45\3457\hotspot\src\share\vm\prims\jíúh∫ÎD@
Event: 3.034 Thread 0x0000000002361000 Implicit null exception at 0x00000000027fcdc4 to 0x00000000027fe2d9

Events (10 events):
Event: 2.949 Executing VM operation: ParallelGCFailedAllocation done
Event: 2.965 Thread 0x0000000017179800 DEOPT PACKING pc=0x0000000002785553 sp=0x000000001805ec00
Event: 2.965 Thread 0x0000000017179800 DEOPT UNPACKING pc=0x00000000024a747f sp=0x000000001805e9c8 mode 0
Event: 3.034 Thread 0x0000000002361000 Uncommon trap: trap_request=0xfffffff4 fr.pc=0x00000000027fe304
Event: 3.034 Thread 0x0000000002361000 DEOPT PACKING pc=0x00000000027fe304 sp=0x000000000232e500
Event: 3.034 Thread 0x0000000002361000 DEOPT UNPACKING pc=0x00000000024a582a sp=0x000000000232e358 mode 2
Event: 3.075 Thread 0x0000000002361000 DEOPT PACKING pc=0x0000000002785553 sp=0x000000000232e540
Event: 3.075 Thread 0x0000000002361000 DEOPT UNPACKING pc=0x00000000024a747f sp=0x000000000232e308 mode 0
Event: 3.127 Thread 0x0000000017168800 DEOPT PACKING pc=0x000000000278553c sp=0x0000000017c5e4e0
Event: 3.127 Thread 0x0000000017168800 DEOPT UNPACKING pc=0x00000000024a747f sp=0x0000000017c5e2a8 mode 0


Dynamic libraries:
0x00007ff70fa50000 - 0x00007ff70fa87000 	C:\Program Files\Java\jdk1.8.0_45\bin\java.exe
0x00007ffc60a80000 - 0x00007ffc60c2c000 	C:\Windows\SYSTEM32\ntdll.dll
0x00007ffc606e0000 - 0x00007ffc6081e000 	C:\Windows\system32\KERNEL32.DLL
0x00007ffc5dd50000 - 0x00007ffc5de65000 	C:\Windows\system32\KERNELBASE.dll
0x00007ffc5c770000 - 0x00007ffc5c7fe000 	C:\Windows\system32\apphelp.dll
0x00007ffc595d0000 - 0x00007ffc59623000 	C:\Windows\AppPatch\AppPatch64\AcGenral.DLL
0x00007ffc5e250000 - 0x00007ffc5e2fa000 	C:\Windows\system32\msvcrt.dll
0x00007ffc5db90000 - 0x00007ffc5dbbe000 	C:\Windows\SYSTEM32\SspiCli.dll
0x00007ffc60620000 - 0x00007ffc60674000 	C:\Windows\system32\SHLWAPI.dll
0x00007ffc602e0000 - 0x00007ffc60457000 	C:\Windows\system32\USER32.dll
0x00007ffc5fe90000 - 0x00007ffc60024000 	C:\Windows\system32\ole32.dll
0x00007ffc5e900000 - 0x00007ffc5fe2b000 	C:\Windows\system32\SHELL32.dll
0x00007ffc5d420000 - 0x00007ffc5d441000 	C:\Windows\SYSTEM32\USERENV.dll
0x00007ffc609d0000 - 0x00007ffc60a7a000 	C:\Windows\system32\ADVAPI32.dll
0x00007ffc554a0000 - 0x00007ffc554be000 	C:\Windows\SYSTEM32\MPR.dll
0x00007ffc5e100000 - 0x00007ffc5e241000 	C:\Windows\system32\RPCRT4.dll
0x00007ffc5e310000 - 0x00007ffc5e369000 	C:\Windows\SYSTEM32\sechost.dll
0x00007ffc5e4a0000 - 0x00007ffc5e6b1000 	C:\Windows\SYSTEM32\combase.dll
0x00007ffc5e790000 - 0x00007ffc5e8df000 	C:\Windows\system32\GDI32.dll
0x00007ffc5dbd0000 - 0x00007ffc5dbe5000 	C:\Windows\SYSTEM32\profapi.dll
0x00007ffc5c120000 - 0x00007ffc5c1d2000 	C:\Windows\SYSTEM32\SHCORE.dll
0x00007ffc605c0000 - 0x00007ffc605f6000 	C:\Windows\system32\IMM32.DLL
0x00007ffc60460000 - 0x00007ffc605b2000 	C:\Windows\system32\MSCTF.dll
0x00007ffc5bac0000 - 0x00007ffc5bd3b000 	C:\Windows\WinSxS\amd64_microsoft.windows.common-controls_6595b64144ccf1df_6.0.9600.18006_none_623f33d3ecbe86e8\COMCTL32.dll
0x0000000074e50000 - 0x0000000074f22000 	C:\Program Files\Java\jdk1.8.0_45\jre\bin\msvcr100.dll
0x0000000075230000 - 0x0000000075ab3000 	C:\Program Files\Java\jdk1.8.0_45\jre\bin\server\jvm.dll
0x00007ffc5be20000 - 0x00007ffc5be29000 	C:\Windows\SYSTEM32\WSOCK32.dll
0x00007ffc5a150000 - 0x00007ffc5a172000 	C:\Windows\SYSTEM32\WINMM.dll
0x00007ffc5bd40000 - 0x00007ffc5bd4a000 	C:\Windows\SYSTEM32\VERSION.dll
0x00007ffc5e8f0000 - 0x00007ffc5e8f7000 	C:\Windows\system32\PSAPI.DLL
0x00007ffc5fe30000 - 0x00007ffc5fe8a000 	C:\Windows\system32\WS2_32.dll
0x00007ffc59de0000 - 0x00007ffc59e0a000 	C:\Windows\SYSTEM32\WINMMBASE.dll
0x00007ffc5e780000 - 0x00007ffc5e789000 	C:\Windows\system32\NSI.dll
0x00007ffc5dca0000 - 0x00007ffc5dcef000 	C:\Windows\SYSTEM32\cfgmgr32.dll
0x00007ffc5c9d0000 - 0x00007ffc5c9f8000 	C:\Windows\SYSTEM32\DEVOBJ.dll
0x0000000076560000 - 0x000000007656f000 	C:\Program Files\Java\jdk1.8.0_45\jre\bin\verify.dll
0x0000000076530000 - 0x0000000076559000 	C:\Program Files\Java\jdk1.8.0_45\jre\bin\java.dll
0x0000000075c70000 - 0x0000000075c86000 	C:\Program Files\Java\jdk1.8.0_45\jre\bin\zip.dll
0x00007ffc424d0000 - 0x00007ffc42659000 	C:\Windows\SYSTEM32\dbghelp.dll

VM Arguments:
jvm_args: -Djava.awt.headless=true -Xmx1024M -Dfile.encoding=x-windows-874 -Duser.country=US -Duser.language=en -Duser.variant 
java_command: com.android.dx.command.Main --dex --num-threads=4 --output C:\Users\Tossapon\project2\StadiumFinder-Android\app\build\intermediates\pre-dexed\debug\library-2.4.0_99a0ff5fe557320e26098e26b3bed56eaae4da02.jar C:\Users\Tossapon\.gradle\caches\modules-2\files-2.1\com.nineoldandroids\library\2.4.0\e9b63380f3a242dbdbf103a2355ad7e43bad17cb\library-2.4.0.jar
java_class_path (initial): C:\Users\Tossapon\AppData\Local\Android\sdk\build-tools\23.0.2\lib\dx.jar
Launcher Type: SUN_STANDARD

Environment Variables:
PATH=C:\ProgramData\Oracle\Java\javapath;C:\Windows\system32;C:\Windows;C:\Windows\System32\Wbem;C:\Windows\System32\WindowsPowerShell\v1.0\;c:\Go\bin;C:\Program Files\MongoDB\Server\3.0\bin;C:\Program Files (x86)\Git\bin;C:\MinGW\bin;C:\Program Files\nodejs\;C:\Program Files\Java\jdk1.8.0_45\bin;C:\php;C:\ProgramData\ComposerSetup\bin;C:\Users\Tossapon\AppData\Roaming\Composer\vendor\bin;C:\mysql-5.6.27-winx64\bin;C:\php;C:\Program Files (x86)\NVIDIA Corporation\PhysX\Common;C:\Program Files (x86)\Microsoft Emulator Manager\1.0\;C:\Users\Tossapon\AppData\Local\Android\sdk\platform-tools;C:\Program Files (x86)\Nmap
USERNAME=Tossapon
OS=Windows_NT
PROCESSOR_IDENTIFIER=AMD64 Family 21 Model 1 Stepping 2, AuthenticAMD



---------------  S Y S T E M  ---------------

OS: Windows 8.1 , 64 bit Build 9600 (6.3.9600.17415)

CPU:total 8 (8 cores per cpu, 1 threads per core) family 21 model 1 stepping 2, cmov, cx8, fxsr, mmx, sse, sse2, sse3, ssse3, sse4.1, sse4.2, popcnt, avx, aes, clmul, mmxext, 3dnowpref, lzcnt, sse4a, tsc, tscinvbit, tscinv

Memory: 4k page, physical 8335664k(609280k free), swap 17771680k(5528k free)

vm_info: Java HotSpot(TM) 64-Bit Server VM (25.45-b02) for windows-amd64 JRE (1.8.0_45-b14), built on Apr 10 2015 10:34:15 by "java_re" with MS VC++ 10.0 (VS2010)

time: Sun Dec 20 16:26:37 2015
elapsed time: 3 seconds (0d 0h 0m 3s)

