#
# There is insufficient memory for the Java Runtime Environment to continue.
# Native memory allocation (malloc) failed to allocate 700736 bytes for Chunk::new
# Possible reasons:
#   The system is out of physical RAM or swap space
#   In 32 bit mode, the process size limit was hit
# Possible solutions:
#   Reduce memory load on the system
#   Increase physical memory or swap space
#   Check if swap backing store is full
#   Use 64 bit Java on a 64 bit OS
#   Decrease Java heap size (-Xmx/-Xms)
#   Decrease number of Java threads
#   Decrease Java thread stack sizes (-Xss)
#   Set larger code cache with -XX:ReservedCodeCacheSize=
# This output file may be truncated or incomplete.
#
#  Out of Memory Error (allocation.cpp:390), pid=8216, tid=8536
#
# JRE version: Java(TM) SE Runtime Environment (8.0_45-b14) (build 1.8.0_45-b14)
# Java VM: Java HotSpot(TM) 64-Bit Server VM (25.45-b02 mixed mode windows-amd64 compressed oops)
# Failed to write core dump. Minidumps are not enabled by default on client versions of Windows
#

---------------  T H R E A D  ---------------

Current thread (0x0000000016fae800):  JavaThread "C2 CompilerThread0" daemon [_thread_in_native, id=8536, stack(0x0000000017580000,0x0000000017680000)]

Stack: [0x0000000017580000,0x0000000017680000]
Native frames: (J=compiled Java code, j=interpreted, Vv=VM code, C=native code)
V  [jvm.dll+0x32b57a]


Current CompileTask:
C2:   4755 1195       4       com.android.dx.ssa.SCCP::simulateBranch (666 bytes)


---------------  P R O C E S S  ---------------

Java Threads: ( => current thread )
  0x000000001707b000 JavaThread "Service Thread" daemon [_thread_blocked, id=10752, stack(0x0000000017980000,0x0000000017a80000)]
  0x0000000017004800 JavaThread "C1 CompilerThread3" daemon [_thread_blocked, id=11800, stack(0x0000000017880000,0x0000000017980000)]
  0x0000000016fb5800 JavaThread "C2 CompilerThread2" daemon [_thread_in_native, id=9732, stack(0x0000000017780000,0x0000000017880000)]
  0x0000000016fb2000 JavaThread "C2 CompilerThread1" daemon [_thread_in_native, id=11432, stack(0x0000000017680000,0x0000000017780000)]
=>0x0000000016fae800 JavaThread "C2 CompilerThread0" daemon [_thread_in_native, id=8536, stack(0x0000000017580000,0x0000000017680000)]
  0x0000000016fab800 JavaThread "Attach Listener" daemon [_thread_blocked, id=13208, stack(0x0000000017480000,0x0000000017580000)]
  0x0000000016ffc800 JavaThread "Signal Dispatcher" daemon [_thread_blocked, id=7976, stack(0x0000000017380000,0x0000000017480000)]
  0x0000000002489000 JavaThread "Finalizer" daemon [_thread_blocked, id=560, stack(0x0000000016e80000,0x0000000016f80000)]
  0x0000000002482000 JavaThread "Reference Handler" daemon [_thread_blocked, id=13980, stack(0x0000000016d80000,0x0000000016e80000)]
  0x0000000002390800 JavaThread "main" [_thread_in_vm, id=3804, stack(0x0000000002200000,0x0000000002300000)]

Other Threads:
  0x0000000014fa9800 VMThread [stack: 0x0000000016c80000,0x0000000016d80000] [id=6984]
  0x000000001707c000 WatcherThread [stack: 0x0000000017a80000,0x0000000017b80000] [id=6884]

VM state:not at safepoint (normal execution)

VM Mutex/Monitor currently owned by a thread: None

Heap:
 PSYoungGen      total 38400K, used 15796K [0x00000000eab00000, 0x00000000ed580000, 0x0000000100000000)
  eden space 33280K, 32% used [0x00000000eab00000,0x00000000eb573f68,0x00000000ecb80000)
  from space 5120K, 99% used [0x00000000ecb80000,0x00000000ed079410,0x00000000ed080000)
  to   space 5120K, 0% used [0x00000000ed080000,0x00000000ed080000,0x00000000ed580000)
 ParOldGen       total 87552K, used 1370K [0x00000000c0000000, 0x00000000c5580000, 0x00000000eab00000)
  object space 87552K, 1% used [0x00000000c0000000,0x00000000c01568a0,0x00000000c5580000)
 Metaspace       used 6098K, capacity 6960K, committed 7040K, reserved 1056768K
  class space    used 608K, capacity 616K, committed 640K, reserved 1048576K

Card table byte_map: [0x0000000011850000,0x0000000011a60000] byte_map_base: 0x0000000011250000

Marking Bits: (ParMarkBitMap*) 0x0000000075a34040
 Begin Bits: [0x00000000123c0000, 0x00000000133c0000)
 End Bits:   [0x00000000133c0000, 0x00000000143c0000)

Polling page: 0x0000000000a40000

CodeCache: size=245760Kb used=4837Kb max_used=4837Kb free=240922Kb
 bounds [0x0000000002490000, 0x0000000002950000, 0x0000000011490000]
 total_blobs=1532 nmethods=1263 adapters=182
 compilation: disabled (not enough contiguous free space left)

Compilation events (10 events):
Event: 4.057 Thread 0x0000000017004800 nmethod 1236 0x0000000002916dd0 code [0x0000000002917060, 0x00000000029181c8]
Event: 4.058 Thread 0x0000000017004800 1237       3       com.android.dx.rop.type.Type::isReference (15 bytes)
Event: 4.058 Thread 0x0000000017004800 nmethod 1237 0x0000000002918e10 code [0x0000000002918f60, 0x0000000002919110]
Event: 4.058 Thread 0x0000000017004800 1238       3       com.android.dx.cf.code.Frame::mergeWith (80 bytes)
Event: 4.060 Thread 0x0000000017004800 nmethod 1238 0x0000000002919190 code [0x00000000029193c0, 0x000000000291a3a8]
Event: 4.060 Thread 0x0000000017004800 1239       3       com.android.dx.ssa.SsaMethod::convertRopToSsaBlocks (103 bytes)
Event: 4.383 Thread 0x0000000017004800 nmethod 1239 0x000000000291a850 code [0x000000000291aac0, 0x000000000291bc88]
Event: 4.384 Thread 0x0000000017004800 1240       3       java.lang.ref.Reference::access$100 (4 bytes)
Event: 4.384 Thread 0x0000000017004800 nmethod 1240 0x00000000029218d0 code [0x0000000002921a20, 0x0000000002921b50]
Event: 4.384 Thread 0x0000000017004800 1241       3       sun.misc.VM::addFinalRefCount (24 bytes)

GC Heap History (2 events):
Event: 4.061 GC heap before
{Heap before GC invocations=1 (full 0):
 PSYoungGen      total 38400K, used 33280K [0x00000000eab00000, 0x00000000ed580000, 0x0000000100000000)
  eden space 33280K, 100% used [0x00000000eab00000,0x00000000ecb80000,0x00000000ecb80000)
  from space 5120K, 0% used [0x00000000ed080000,0x00000000ed080000,0x00000000ed580000)
  to   space 5120K, 0% used [0x00000000ecb80000,0x00000000ecb80000,0x00000000ed080000)
 ParOldGen       total 87552K, used 0K [0x00000000c0000000, 0x00000000c5580000, 0x00000000eab00000)
  object space 87552K, 0% used [0x00000000c0000000,0x00000000c0000000,0x00000000c5580000)
 Metaspace       used 5919K, capacity 6896K, committed 7040K, reserved 1056768K
  class space    used 591K, capacity 616K, committed 640K, reserved 1048576K
Event: 4.383 GC heap after
Heap after GC invocations=1 (full 0):
 PSYoungGen      total 38400K, used 5093K [0x00000000eab00000, 0x00000000ed580000, 0x0000000100000000)
  eden space 33280K, 0% used [0x00000000eab00000,0x00000000eab00000,0x00000000ecb80000)
  from space 5120K, 99% used [0x00000000ecb80000,0x00000000ed079410,0x00000000ed080000)
  to   space 5120K, 0% used [0x00000000ed080000,0x00000000ed080000,0x00000000ed580000)
 ParOldGen       total 87552K, used 1370K [0x00000000c0000000, 0x00000000c5580000, 0x00000000eab00000)
  object space 87552K, 1% used [0x00000000c0000000,0x00000000c01568a0,0x00000000c5580000)
 Metaspace       used 5919K, capacity 6896K, committed 7040K, reserved 1056768K
  class space    used 591K, capacity 616K, committed 640K, reserved 1048576K
}

Deoptimization events (6 events):
Event: 3.863 Thread 0x000000001716d800 Uncommon trap: reason=unstable_if action=reinterpret pc=0x000000000286e3fc method=com.android.dx.util.IntList.binarysearch(I)I @ 105
Event: 3.963 Thread 0x0000000002390800 Uncommon trap: reason=class_check action=maybe_recompile pc=0x00000000026daed4 method=com.android.dx.ssa.NormalSsaInsn.accept(Lcom/android/dx/ssa/SsaInsn$Visitor;)V @ 9
Event: 3.969 Thread 0x0000000002390800 Uncommon trap: reason=class_check action=maybe_recompile pc=0x00000000026daed4 method=com.android.dx.ssa.NormalSsaInsn.accept(Lcom/android/dx/ssa/SsaInsn$Visitor;)V @ 9
Event: 3.979 Thread 0x0000000002390800 Uncommon trap: reason=class_check action=maybe_recompile pc=0x00000000026daed4 method=com.android.dx.ssa.NormalSsaInsn.accept(Lcom/android/dx/ssa/SsaInsn$Visitor;)V @ 9
Event: 3.979 Thread 0x0000000002390800 Uncommon trap: reason=class_check action=maybe_recompile pc=0x00000000026daed4 method=com.android.dx.ssa.NormalSsaInsn.accept(Lcom/android/dx/ssa/SsaInsn$Visitor;)V @ 9
Event: 3.979 Thread 0x0000000002390800 Uncommon trap: reason=class_check action=maybe_recompile pc=0x00000000026c66b0 method=com.android.dx.ssa.NormalSsaInsn.accept(Lcom/android/dx/ssa/SsaInsn$Visitor;)V @ 9

Internal exceptions (2 events):
Event: 1.310 Thread 0x0000000002390800 Exception <a 'java/lang/NoSuchMethodError': Method sun.misc.Unsafe.defineClass(Ljava/lang/String;[BII)Ljava/lang/Class; name or signature does not match> (0x00000000eab12f38) thrown at [C:\re\workspace\8-2-build-windows-amd64-cygwin\jdk8u45\3457\hotspot\sr;u…צפ?
Event: 1.310 Thread 0x0000000002390800 Exception <a 'java/lang/NoSuchMethodError': Method sun.misc.Unsafe.prefetchRead(Ljava/lang/Object;J)V name or signature does not match> (0x00000000eab131c8) thrown at [C:\re\workspace\8-2-build-windows-amd64-cygwin\jdk8u45\3457\hotspot\src\share\vm\prims\j

Events (10 events):
Event: 3.979 Thread 0x0000000002390800 Uncommon trap: trap_request=0xffffffde fr.pc=0x00000000026daed4
Event: 3.979 Thread 0x0000000002390800 DEOPT PACKING pc=0x00000000026daed4 sp=0x00000000022fe480
Event: 3.979 Thread 0x0000000002390800 DEOPT UNPACKING pc=0x00000000024d582a sp=0x00000000022fe3c0 mode 2
Event: 3.979 Thread 0x0000000002390800 Uncommon trap: trap_request=0xffffffde fr.pc=0x00000000026c66b0
Event: 3.979 Thread 0x0000000002390800 DEOPT PACKING pc=0x00000000026c66b0 sp=0x00000000022fe410
Event: 3.979 Thread 0x0000000002390800 DEOPT UNPACKING pc=0x00000000024d582a sp=0x00000000022fe3b0 mode 2
Event: 4.013 Thread 0x0000000002390800 DEOPT PACKING pc=0x00000000027bd565 sp=0x00000000022fe510
Event: 4.013 Thread 0x0000000002390800 DEOPT UNPACKING pc=0x00000000024d747f sp=0x00000000022fe2f0 mode 0
Event: 4.061 Executing VM operation: ParallelGCFailedAllocation
Event: 4.383 Executing VM operation: ParallelGCFailedAllocation done


Dynamic libraries:
0x00007ff70fa50000 - 0x00007ff70fa87000 	C:\Program Files\Java\jdk1.8.0_45\bin\java.exe
0x00007ffc60a80000 - 0x00007ffc60c2c000 	C:\Windows\SYSTEM32\ntdll.dll
0x00007ffc606e0000 - 0x00007ffc6081e000 	C:\Windows\system32\KERNEL32.DLL
0x00007ffc5dd50000 - 0x00007ffc5de65000 	C:\Windows\system32\KERNELBASE.dll
0x00007ffc5c770000 - 0x00007ffc5c7fe000 	C:\Windows\system32\apphelp.dll
0x00007ffc595d0000 - 0x00007ffc59623000 	C:\Windows\AppPatch\AppPatch64\AcGenral.DLL
0x00007ffc5e250000 - 0x00007ffc5e2fa000 	C:\Windows\system32\msvcrt.dll
0x00007ffc5db90000 - 0x00007ffc5dbbe000 	C:\Windows\SYSTEM32\SspiCli.dll
0x00007ffc60620000 - 0x00007ffc60674000 	C:\Windows\system32\SHLWAPI.dll
0x00007ffc602e0000 - 0x00007ffc60457000 	C:\Windows\system32\USER32.dll
0x00007ffc5fe90000 - 0x00007ffc60024000 	C:\Windows\system32\ole32.dll
0x00007ffc5e900000 - 0x00007ffc5fe2b000 	C:\Windows\system32\SHELL32.dll
0x00007ffc5d420000 - 0x00007ffc5d441000 	C:\Windows\SYSTEM32\USERENV.dll
0x00007ffc609d0000 - 0x00007ffc60a7a000 	C:\Windows\system32\ADVAPI32.dll
0x00007ffc554a0000 - 0x00007ffc554be000 	C:\Windows\SYSTEM32\MPR.dll
0x00007ffc5e100000 - 0x00007ffc5e241000 	C:\Windows\system32\RPCRT4.dll
0x00007ffc5e310000 - 0x00007ffc5e369000 	C:\Windows\SYSTEM32\sechost.dll
0x00007ffc5e4a0000 - 0x00007ffc5e6b1000 	C:\Windows\SYSTEM32\combase.dll
0x00007ffc5e790000 - 0x00007ffc5e8df000 	C:\Windows\system32\GDI32.dll
0x00007ffc5dbd0000 - 0x00007ffc5dbe5000 	C:\Windows\SYSTEM32\profapi.dll
0x00007ffc5c120000 - 0x00007ffc5c1d2000 	C:\Windows\SYSTEM32\SHCORE.dll
0x00007ffc605c0000 - 0x00007ffc605f6000 	C:\Windows\system32\IMM32.DLL
0x00007ffc60460000 - 0x00007ffc605b2000 	C:\Windows\system32\MSCTF.dll
0x00007ffc5bac0000 - 0x00007ffc5bd3b000 	C:\Windows\WinSxS\amd64_microsoft.windows.common-controls_6595b64144ccf1df_6.0.9600.18006_none_623f33d3ecbe86e8\COMCTL32.dll
0x0000000074e50000 - 0x0000000074f22000 	C:\Program Files\Java\jdk1.8.0_45\jre\bin\msvcr100.dll
0x0000000075230000 - 0x0000000075ab3000 	C:\Program Files\Java\jdk1.8.0_45\jre\bin\server\jvm.dll
0x00007ffc5be20000 - 0x00007ffc5be29000 	C:\Windows\SYSTEM32\WSOCK32.dll
0x00007ffc5a150000 - 0x00007ffc5a172000 	C:\Windows\SYSTEM32\WINMM.dll
0x00007ffc5bd40000 - 0x00007ffc5bd4a000 	C:\Windows\SYSTEM32\VERSION.dll
0x00007ffc5e8f0000 - 0x00007ffc5e8f7000 	C:\Windows\system32\PSAPI.DLL
0x00007ffc5fe30000 - 0x00007ffc5fe8a000 	C:\Windows\system32\WS2_32.dll
0x00007ffc59de0000 - 0x00007ffc59e0a000 	C:\Windows\SYSTEM32\WINMMBASE.dll
0x00007ffc5e780000 - 0x00007ffc5e789000 	C:\Windows\system32\NSI.dll
0x00007ffc5dca0000 - 0x00007ffc5dcef000 	C:\Windows\SYSTEM32\cfgmgr32.dll
0x00007ffc5c9d0000 - 0x00007ffc5c9f8000 	C:\Windows\SYSTEM32\DEVOBJ.dll
0x0000000076560000 - 0x000000007656f000 	C:\Program Files\Java\jdk1.8.0_45\jre\bin\verify.dll
0x0000000076530000 - 0x0000000076559000 	C:\Program Files\Java\jdk1.8.0_45\jre\bin\java.dll
0x0000000075c70000 - 0x0000000075c86000 	C:\Program Files\Java\jdk1.8.0_45\jre\bin\zip.dll

VM Arguments:
jvm_args: -Djava.awt.headless=true -Xmx1024M -Dfile.encoding=x-windows-874 -Duser.country=US -Duser.language=en -Duser.variant 
java_command: com.android.dx.command.Main --dex --num-threads=4 --output C:\Users\Tossapon\project2\StadiumFinder-Android\app\build\intermediates\pre-dexed\debug\butterknife-7.0.1_ff0ac0f772467976ed3bf0a87ab0227f68119502.jar C:\Users\Tossapon\.gradle\caches\modules-2\files-2.1\com.jakewharton\butterknife\7.0.1\d5d13ea991eab0252e3710e5df3d6a9d4b21d461\butterknife-7.0.1.jar
java_class_path (initial): C:\Users\Tossapon\AppData\Local\Android\sdk\build-tools\23.0.2\lib\dx.jar
Launcher Type: SUN_STANDARD

Environment Variables:
PATH=C:\ProgramData\Oracle\Java\javapath;C:\Windows\system32;C:\Windows;C:\Windows\System32\Wbem;C:\Windows\System32\WindowsPowerShell\v1.0\;c:\Go\bin;C:\Program Files\MongoDB\Server\3.0\bin;C:\Program Files (x86)\Git\bin;C:\MinGW\bin;C:\Program Files\nodejs\;C:\Program Files\Java\jdk1.8.0_45\bin;C:\php;C:\ProgramData\ComposerSetup\bin;C:\Users\Tossapon\AppData\Roaming\Composer\vendor\bin;C:\mysql-5.6.27-winx64\bin;C:\php;C:\Program Files (x86)\NVIDIA Corporation\PhysX\Common;C:\Program Files (x86)\Microsoft Emulator Manager\1.0\;C:\Users\Tossapon\AppData\Local\Android\sdk\platform-tools;C:\Program Files (x86)\Nmap
USERNAME=Tossapon
OS=Windows_NT
PROCESSOR_IDENTIFIER=AMD64 Family 21 Model 1 Stepping 2, AuthenticAMD



---------------  S Y S T E M  ---------------

OS: Windows 8.1 , 64 bit Build 9600 (6.3.9600.17415)

CPU:total 8 (8 cores per cpu, 1 threads per core) family 21 model 1 stepping 2, cmov, cx8, fxsr, mmx, sse, sse2, sse3, ssse3, sse4.1, sse4.2, popcnt, avx, aes, clmul, mmxext, 3dnowpref, lzcnt, sse4a, tsc, tscinvbit, tscinv

Memory: 4k page, physical 8335664k(167736k free), swap 17771680k(4892k free)

vm_info: Java HotSpot(TM) 64-Bit Server VM (25.45-b02) for windows-amd64 JRE (1.8.0_45-b14), built on Apr 10 2015 10:34:15 by "java_re" with MS VC++ 10.0 (VS2010)

time: Sun Dec 20 16:38:32 2015
elapsed time: 4 seconds (0d 0h 0m 4s)

