#
# There is insufficient memory for the Java Runtime Environment to continue.
# Native memory allocation (malloc) failed to allocate 32784 bytes for Chunk::new
# Possible reasons:
#   The system is out of physical RAM or swap space
#   In 32 bit mode, the process size limit was hit
# Possible solutions:
#   Reduce memory load on the system
#   Increase physical memory or swap space
#   Check if swap backing store is full
#   Use 64 bit Java on a 64 bit OS
#   Decrease Java heap size (-Xmx/-Xms)
#   Decrease number of Java threads
#   Decrease Java thread stack sizes (-Xss)
#   Set larger code cache with -XX:ReservedCodeCacheSize=
# This output file may be truncated or incomplete.
#
#  Out of Memory Error (allocation.cpp:390), pid=952, tid=11192
#
# JRE version: Java(TM) SE Runtime Environment (8.0_45-b14) (build 1.8.0_45-b14)
# Java VM: Java HotSpot(TM) 64-Bit Server VM (25.45-b02 mixed mode windows-amd64 compressed oops)
# Failed to write core dump. Minidumps are not enabled by default on client versions of Windows
#

---------------  T H R E A D  ---------------

Current thread (0x00000000177ce000):  JavaThread "C2 CompilerThread1" daemon [_thread_in_native, id=11192, stack(0x0000000017e00000,0x0000000017f00000)]

Stack: [0x0000000017e00000,0x0000000017f00000]
Native frames: (J=compiled Java code, j=interpreted, Vv=VM code, C=native code)
V  [jvm.dll+0x32b57a]


Current CompileTask:
C2:   3067 1249       4       com.android.dx.ssa.SCCP::simulateStmt (481 bytes)


---------------  P R O C E S S  ---------------

Java Threads: ( => current thread )
  0x0000000017a63800 JavaThread "pool-1-thread-4" [_thread_blocked, id=7808, stack(0x0000000018f00000,0x0000000019000000)]
  0x0000000017a60800 JavaThread "pool-1-thread-3" [_thread_in_Java, id=13084, stack(0x0000000018e00000,0x0000000018f00000)]
  0x00000000179f0800 JavaThread "pool-1-thread-2" [_thread_in_Java, id=9860, stack(0x0000000018d00000,0x0000000018e00000)]
  0x0000000017a1b800 JavaThread "pool-2-thread-1" [_thread_blocked, id=14000, stack(0x0000000018c00000,0x0000000018d00000)]
  0x0000000017a1b000 JavaThread "pool-1-thread-1" [_thread_blocked, id=2180, stack(0x0000000018b00000,0x0000000018c00000)]
  0x00000000177de800 JavaThread "Service Thread" daemon [_thread_blocked, id=10216, stack(0x0000000018100000,0x0000000018200000)]
  0x00000000177d8800 JavaThread "C1 CompilerThread3" daemon [_thread_blocked, id=11820, stack(0x0000000018000000,0x0000000018100000)]
  0x00000000177d1800 JavaThread "C2 CompilerThread2" daemon [_thread_in_native, id=8748, stack(0x0000000017f00000,0x0000000018000000)]
=>0x00000000177ce000 JavaThread "C2 CompilerThread1" daemon [_thread_in_native, id=11192, stack(0x0000000017e00000,0x0000000017f00000)]
  0x0000000017731800 JavaThread "C2 CompilerThread0" daemon [_thread_in_native, id=740, stack(0x0000000017d00000,0x0000000017e00000)]
  0x000000001777c800 JavaThread "Attach Listener" daemon [_thread_blocked, id=2644, stack(0x0000000017c00000,0x0000000017d00000)]
  0x000000001777b800 JavaThread "Signal Dispatcher" daemon [_thread_blocked, id=7028, stack(0x0000000017b00000,0x0000000017c00000)]
  0x0000000002c09000 JavaThread "Finalizer" daemon [_thread_blocked, id=10784, stack(0x0000000017600000,0x0000000017700000)]
  0x0000000002c02000 JavaThread "Reference Handler" daemon [_thread_blocked, id=1200, stack(0x0000000017500000,0x0000000017600000)]
  0x0000000002b10800 JavaThread "main" [_thread_in_vm, id=6012, stack(0x0000000002920000,0x0000000002a20000)]

Other Threads:
  0x0000000015729800 VMThread [stack: 0x0000000017400000,0x0000000017500000] [id=9508]
  0x00000000177e9000 WatcherThread [stack: 0x0000000018200000,0x0000000018300000] [id=14120]

VM state:not at safepoint (normal execution)

VM Mutex/Monitor currently owned by a thread:  ([mutex/lock_event])
[0x0000000002b0c710] AdapterHandlerLibrary_lock - owner thread: 0x0000000002b10800

Heap:
 PSYoungGen      total 38400K, used 31310K [0x00000000eab00000, 0x00000000ed580000, 0x0000000100000000)
  eden space 33280K, 94% used [0x00000000eab00000,0x00000000ec993bf8,0x00000000ecb80000)
  from space 5120K, 0% used [0x00000000ed080000,0x00000000ed080000,0x00000000ed580000)
  to   space 5120K, 0% used [0x00000000ecb80000,0x00000000ecb80000,0x00000000ed080000)
 ParOldGen       total 87552K, used 0K [0x00000000c0000000, 0x00000000c5580000, 0x00000000eab00000)
  object space 87552K, 0% used [0x00000000c0000000,0x00000000c0000000,0x00000000c5580000)
 Metaspace       used 5904K, capacity 6832K, committed 7040K, reserved 1056768K
  class space    used 587K, capacity 616K, committed 640K, reserved 1048576K

Card table byte_map: [0x0000000011fd0000,0x00000000121e0000] byte_map_base: 0x00000000119d0000

Marking Bits: (ParMarkBitMap*) 0x0000000075a34040
 Begin Bits: [0x0000000012b40000, 0x0000000013b40000)
 End Bits:   [0x0000000013b40000, 0x0000000014b40000)

Polling page: 0x0000000001090000

CodeCache: size=245760Kb used=5031Kb max_used=5041Kb free=240728Kb
 bounds [0x0000000002c10000, 0x0000000003110000, 0x0000000011c10000]
 total_blobs=1520 nmethods=1252 adapters=182
 compilation: enabled

Compilation events (10 events):
Event: 2.897 Thread 0x00000000177d8800 1253       3       com.android.dx.ssa.back.LivenessAnalyzer::coInterferePhis (128 bytes)
Event: 2.898 Thread 0x00000000177d8800 nmethod 1253 0x00000000030f0610 code [0x00000000030f08a0, 0x00000000030f1b98]
Event: 2.898 Thread 0x00000000177d8800 1252       3       com.android.dx.ssa.SsaMethod::convertRopToSsaBlocks (103 bytes)
Event: 2.899 Thread 0x00000000177d8800 nmethod 1252 0x00000000030f2590 code [0x00000000030f2800, 0x00000000030f39c8]
Event: 2.914 Thread 0x00000000177ce000 nmethod 1239 0x00000000030f7bd0 code [0x00000000030f7da0, 0x00000000030f8938]
Event: 2.915 Thread 0x00000000177ce000 1241       4       com.android.dx.ssa.SsaBasicBlock::forEachPhiInsn (54 bytes)
Event: 2.943 Thread 0x00000000177ce000 nmethod 1241 0x00000000030f9f10 code [0x00000000030fa0a0, 0x00000000030fa758]
Event: 2.943 Thread 0x00000000177ce000 1249       4       com.android.dx.ssa.SCCP::simulateStmt (481 bytes)
Event: 3.022 Thread 0x0000000017731800 nmethod 1237 0x00000000030fdfd0 code [0x00000000030fe280, 0x00000000030ffa90]
Event: 3.022 Thread 0x0000000017731800 1248       4       com.android.dx.ssa.Dominators::eval (29 bytes)

GC Heap History (0 events):
No events

Deoptimization events (6 events):
Event: 2.585 Thread 0x0000000017a1b000 Uncommon trap: reason=class_check action=maybe_recompile pc=0x0000000002f57248 method=com.android.dx.ssa.NormalSsaInsn.accept(Lcom/android/dx/ssa/SsaInsn$Visitor;)V @ 9
Event: 2.585 Thread 0x0000000017a1b000 Uncommon trap: reason=class_check action=maybe_recompile pc=0x0000000002e9f270 method=com.android.dx.ssa.NormalSsaInsn.accept(Lcom/android/dx/ssa/SsaInsn$Visitor;)V @ 9
Event: 2.585 Thread 0x0000000017a1b000 Uncommon trap: reason=class_check action=maybe_recompile pc=0x0000000002e9f270 method=com.android.dx.ssa.NormalSsaInsn.accept(Lcom/android/dx/ssa/SsaInsn$Visitor;)V @ 9
Event: 2.585 Thread 0x0000000017a1b000 Uncommon trap: reason=class_check action=maybe_recompile pc=0x0000000002e9f270 method=com.android.dx.ssa.NormalSsaInsn.accept(Lcom/android/dx/ssa/SsaInsn$Visitor;)V @ 9
Event: 2.749 Thread 0x00000000179f0800 Uncommon trap: reason=class_check action=maybe_recompile pc=0x0000000002f57248 method=com.android.dx.ssa.NormalSsaInsn.accept(Lcom/android/dx/ssa/SsaInsn$Visitor;)V @ 9
Event: 2.858 Thread 0x00000000179f0800 Uncommon trap: reason=unstable_if action=reinterpret pc=0x00000000030b24d8 method=com.android.dx.cf.code.BytecodeArray.parseInstruction(ILcom/android/dx/cf/code/BytecodeArray$Visitor;)I @ 1198

Internal exceptions (2 events):
Event: 0.216 Thread 0x0000000002b10800 Exception <a 'java/lang/NoSuchMethodError': Method sun.misc.Unsafe.defineClass(Ljava/lang/String;[BII)Ljava/lang/Class; name or signature does not match> (0x00000000eab12b60) thrown at [C:\re\workspace\8-2-build-windows-amd64-cygwin\jdk8u45\3457\hotspot\srêß(B¨Ë?
Event: 0.216 Thread 0x0000000002b10800 Exception <a 'java/lang/NoSuchMethodError': Method sun.misc.Unsafe.prefetchRead(Ljava/lang/Object;J)V name or signature does not match> (0x00000000eab12df0) thrown at [C:\re\workspace\8-2-build-windows-amd64-cygwin\jdk8u45\3457\hotspot\src\share\vm\prims\j

Events (10 events):
Event: 2.749 Thread 0x00000000179f0800 Uncommon trap: trap_request=0xffffffde fr.pc=0x0000000002f57248
Event: 2.749 Thread 0x00000000179f0800 DEOPT PACKING pc=0x0000000002f57248 sp=0x0000000018dfe790
Event: 2.749 Thread 0x00000000179f0800 DEOPT UNPACKING pc=0x0000000002c5582a sp=0x0000000018dfe750 mode 2
Event: 2.811 loading class com/android/dx/dex/file/FieldAnnotationStruct
Event: 2.811 loading class com/android/dx/dex/file/FieldAnnotationStruct done
Event: 2.858 Thread 0x00000000179f0800 Uncommon trap: trap_request=0xffffff65 fr.pc=0x00000000030b24d8
Event: 2.858 Thread 0x00000000179f0800 DEOPT PACKING pc=0x00000000030b24d8 sp=0x0000000018dfe930
Event: 2.858 Thread 0x00000000179f0800 DEOPT UNPACKING pc=0x0000000002c5582a sp=0x0000000018dfe8d8 mode 2
Event: 2.883 Thread 0x00000000179f0800 DEOPT PACKING pc=0x0000000002faf5e5 sp=0x0000000018dfe820
Event: 2.883 Thread 0x00000000179f0800 DEOPT UNPACKING pc=0x0000000002c5747f sp=0x0000000018dfe600 mode 0


Dynamic libraries:
0x00007ff70fa50000 - 0x00007ff70fa87000 	C:\Program Files\Java\jdk1.8.0_45\bin\java.exe
0x00007ffc60a80000 - 0x00007ffc60c2c000 	C:\Windows\SYSTEM32\ntdll.dll
0x00007ffc606e0000 - 0x00007ffc6081e000 	C:\Windows\system32\KERNEL32.DLL
0x00007ffc5dd50000 - 0x00007ffc5de65000 	C:\Windows\system32\KERNELBASE.dll
0x00007ffc5c770000 - 0x00007ffc5c7fe000 	C:\Windows\system32\apphelp.dll
0x00007ffc595d0000 - 0x00007ffc59623000 	C:\Windows\AppPatch\AppPatch64\AcGenral.DLL
0x00007ffc5e250000 - 0x00007ffc5e2fa000 	C:\Windows\system32\msvcrt.dll
0x00007ffc5db90000 - 0x00007ffc5dbbe000 	C:\Windows\SYSTEM32\SspiCli.dll
0x00007ffc60620000 - 0x00007ffc60674000 	C:\Windows\system32\SHLWAPI.dll
0x00007ffc602e0000 - 0x00007ffc60457000 	C:\Windows\system32\USER32.dll
0x00007ffc5fe90000 - 0x00007ffc60024000 	C:\Windows\system32\ole32.dll
0x00007ffc5e900000 - 0x00007ffc5fe2b000 	C:\Windows\system32\SHELL32.dll
0x00007ffc5d420000 - 0x00007ffc5d441000 	C:\Windows\SYSTEM32\USERENV.dll
0x00007ffc609d0000 - 0x00007ffc60a7a000 	C:\Windows\system32\ADVAPI32.dll
0x00007ffc554a0000 - 0x00007ffc554be000 	C:\Windows\SYSTEM32\MPR.dll
0x00007ffc5e100000 - 0x00007ffc5e241000 	C:\Windows\system32\RPCRT4.dll
0x00007ffc5e310000 - 0x00007ffc5e369000 	C:\Windows\SYSTEM32\sechost.dll
0x00007ffc5e4a0000 - 0x00007ffc5e6b1000 	C:\Windows\SYSTEM32\combase.dll
0x00007ffc5e790000 - 0x00007ffc5e8df000 	C:\Windows\system32\GDI32.dll
0x00007ffc5dbd0000 - 0x00007ffc5dbe5000 	C:\Windows\SYSTEM32\profapi.dll
0x00007ffc5c120000 - 0x00007ffc5c1d2000 	C:\Windows\SYSTEM32\SHCORE.dll
0x00007ffc605c0000 - 0x00007ffc605f6000 	C:\Windows\system32\IMM32.DLL
0x00007ffc60460000 - 0x00007ffc605b2000 	C:\Windows\system32\MSCTF.dll
0x00007ffc5bac0000 - 0x00007ffc5bd3b000 	C:\Windows\WinSxS\amd64_microsoft.windows.common-controls_6595b64144ccf1df_6.0.9600.18006_none_623f33d3ecbe86e8\COMCTL32.dll
0x0000000074e50000 - 0x0000000074f22000 	C:\Program Files\Java\jdk1.8.0_45\jre\bin\msvcr100.dll
0x0000000075230000 - 0x0000000075ab3000 	C:\Program Files\Java\jdk1.8.0_45\jre\bin\server\jvm.dll
0x00007ffc5be20000 - 0x00007ffc5be29000 	C:\Windows\SYSTEM32\WSOCK32.dll
0x00007ffc5a150000 - 0x00007ffc5a172000 	C:\Windows\SYSTEM32\WINMM.dll
0x00007ffc5bd40000 - 0x00007ffc5bd4a000 	C:\Windows\SYSTEM32\VERSION.dll
0x00007ffc5e8f0000 - 0x00007ffc5e8f7000 	C:\Windows\system32\PSAPI.DLL
0x00007ffc5fe30000 - 0x00007ffc5fe8a000 	C:\Windows\system32\WS2_32.dll
0x00007ffc59de0000 - 0x00007ffc59e0a000 	C:\Windows\SYSTEM32\WINMMBASE.dll
0x00007ffc5e780000 - 0x00007ffc5e789000 	C:\Windows\system32\NSI.dll
0x00007ffc5dca0000 - 0x00007ffc5dcef000 	C:\Windows\SYSTEM32\cfgmgr32.dll
0x00007ffc5c9d0000 - 0x00007ffc5c9f8000 	C:\Windows\SYSTEM32\DEVOBJ.dll
0x0000000076560000 - 0x000000007656f000 	C:\Program Files\Java\jdk1.8.0_45\jre\bin\verify.dll
0x0000000076530000 - 0x0000000076559000 	C:\Program Files\Java\jdk1.8.0_45\jre\bin\java.dll
0x0000000075c70000 - 0x0000000075c86000 	C:\Program Files\Java\jdk1.8.0_45\jre\bin\zip.dll
0x00007ffc424d0000 - 0x00007ffc42659000 	C:\Windows\SYSTEM32\dbghelp.dll

VM Arguments:
jvm_args: -Djava.awt.headless=true -Xmx1024M -Dfile.encoding=x-windows-874 -Duser.country=US -Duser.language=en -Duser.variant 
java_command: com.android.dx.command.Main --dex --num-threads=4 --output C:\Users\Tossapon\project2\StadiumFinder-Android\app\build\intermediates\pre-dexed\debug\com.google.android.gms-play-services-wallet-7.8.0_b7b23ea323d2e93b465c76934e9deab9f0d430bf.jar C:\Users\Tossapon\project2\StadiumFinder-Android\app\build\intermediates\exploded-aar\com.google.android.gms\play-services-wallet\7.8.0\jars\classes.jar
java_class_path (initial): C:\Users\Tossapon\AppData\Local\Android\sdk\build-tools\23.0.2\lib\dx.jar
Launcher Type: SUN_STANDARD

Environment Variables:
PATH=C:\ProgramData\Oracle\Java\javapath;C:\Windows\system32;C:\Windows;C:\Windows\System32\Wbem;C:\Windows\System32\WindowsPowerShell\v1.0\;c:\Go\bin;C:\Program Files\MongoDB\Server\3.0\bin;C:\Program Files (x86)\Git\bin;C:\MinGW\bin;C:\Program Files\nodejs\;C:\Program Files\Java\jdk1.8.0_45\bin;C:\php;C:\ProgramData\ComposerSetup\bin;C:\Users\Tossapon\AppData\Roaming\Composer\vendor\bin;C:\mysql-5.6.27-winx64\bin;C:\php;C:\Program Files (x86)\NVIDIA Corporation\PhysX\Common;C:\Program Files (x86)\Microsoft Emulator Manager\1.0\;C:\Users\Tossapon\AppData\Local\Android\sdk\platform-tools;C:\Program Files (x86)\Nmap
USERNAME=Tossapon
OS=Windows_NT
PROCESSOR_IDENTIFIER=AMD64 Family 21 Model 1 Stepping 2, AuthenticAMD



---------------  S Y S T E M  ---------------

OS: Windows 8.1 , 64 bit Build 9600 (6.3.9600.17415)

CPU:total 8 (8 cores per cpu, 1 threads per core) family 21 model 1 stepping 2, cmov, cx8, fxsr, mmx, sse, sse2, sse3, ssse3, sse4.1, sse4.2, popcnt, avx, aes, clmul, mmxext, 3dnowpref, lzcnt, sse4a, tsc, tscinvbit, tscinv

Memory: 4k page, physical 8335664k(608720k free), swap 17771680k(6088k free)

vm_info: Java HotSpot(TM) 64-Bit Server VM (25.45-b02) for windows-amd64 JRE (1.8.0_45-b14), built on Apr 10 2015 10:34:15 by "java_re" with MS VC++ 10.0 (VS2010)

time: Sun Dec 20 16:26:37 2015
elapsed time: 3 seconds (0d 0h 0m 3s)

