#
# There is insufficient memory for the Java Runtime Environment to continue.
# Native memory allocation (malloc) failed to allocate 377856 bytes for Chunk::new
# Possible reasons:
#   The system is out of physical RAM or swap space
#   In 32 bit mode, the process size limit was hit
# Possible solutions:
#   Reduce memory load on the system
#   Increase physical memory or swap space
#   Check if swap backing store is full
#   Use 64 bit Java on a 64 bit OS
#   Decrease Java heap size (-Xmx/-Xms)
#   Decrease number of Java threads
#   Decrease Java thread stack sizes (-Xss)
#   Set larger code cache with -XX:ReservedCodeCacheSize=
# This output file may be truncated or incomplete.
#
#  Out of Memory Error (allocation.cpp:390), pid=10752, tid=5920
#
# JRE version: Java(TM) SE Runtime Environment (8.0_45-b14) (build 1.8.0_45-b14)
# Java VM: Java HotSpot(TM) 64-Bit Server VM (25.45-b02 mixed mode windows-amd64 compressed oops)
# Failed to write core dump. Minidumps are not enabled by default on client versions of Windows
#

---------------  T H R E A D  ---------------

Current thread (0x00000000170a5000):  JavaThread "C2 CompilerThread0" daemon [_thread_in_native, id=5920, stack(0x0000000017630000,0x0000000017730000)]

Stack: [0x0000000017630000,0x0000000017730000]
Native frames: (J=compiled Java code, j=interpreted, Vv=VM code, C=native code)
V  [jvm.dll+0x32b57a]
V  [jvm.dll+0x279873]
V  [jvm.dll+0x27a509]
V  [jvm.dll+0x271825]
V  [jvm.dll+0xcb9e2]
V  [jvm.dll+0xcbeac]
V  [jvm.dll+0x476ef2]
V  [jvm.dll+0x4b955f]
V  [jvm.dll+0x46bf81]
V  [jvm.dll+0x46ccbe]
V  [jvm.dll+0x4500f2]
V  [jvm.dll+0xa4352]
V  [jvm.dll+0xa4c8f]
V  [jvm.dll+0x241984]
V  [jvm.dll+0x29853a]
C  [msvcr100.dll+0x21d9f]
C  [msvcr100.dll+0x21e3b]
C  [KERNEL32.DLL+0x13d2]
C  [ntdll.dll+0x15454]


Current CompileTask:
C2:   3495 1229       4       com.android.dx.ssa.back.LivenessAnalyzer::run (231 bytes)


---------------  P R O C E S S  ---------------

Java Threads: ( => current thread )
  0x0000000017327800 JavaThread "pool-1-thread-4" [_thread_in_vm, id=13944, stack(0x0000000018030000,0x0000000018130000)]
  0x0000000017321000 JavaThread "pool-1-thread-3" [_thread_in_vm, id=2452, stack(0x0000000017f30000,0x0000000018030000)]
  0x0000000017264000 JavaThread "pool-2-thread-1" [_thread_blocked, id=11884, stack(0x0000000017d30000,0x0000000017e30000)]
  0x000000001725c000 JavaThread "pool-1-thread-1" [_thread_in_Java, id=864, stack(0x0000000017c30000,0x0000000017d30000)]
  0x000000001710f800 JavaThread "Service Thread" daemon [_thread_blocked, id=4496, stack(0x0000000017a30000,0x0000000017b30000)]
  0x0000000017109800 JavaThread "C1 CompilerThread3" daemon [_thread_blocked, id=11948, stack(0x0000000017930000,0x0000000017a30000)]
  0x0000000017106000 JavaThread "C2 CompilerThread2" daemon [_thread_blocked, id=3848, stack(0x0000000017830000,0x0000000017930000)]
  0x0000000017104800 JavaThread "C2 CompilerThread1" daemon [_thread_blocked, id=12556, stack(0x0000000017730000,0x0000000017830000)]
=>0x00000000170a5000 JavaThread "C2 CompilerThread0" daemon [_thread_in_native, id=5920, stack(0x0000000017630000,0x0000000017730000)]
  0x00000000170a2000 JavaThread "Attach Listener" daemon [_thread_blocked, id=9576, stack(0x0000000017530000,0x0000000017630000)]
  0x00000000170a1800 JavaThread "Signal Dispatcher" daemon [_thread_blocked, id=4164, stack(0x0000000017430000,0x0000000017530000)]
  0x0000000002513800 JavaThread "Finalizer" daemon [_thread_blocked, id=8324, stack(0x0000000016f30000,0x0000000017030000)]
  0x0000000002512000 JavaThread "Reference Handler" daemon [_thread_blocked, id=9464, stack(0x0000000016e30000,0x0000000016f30000)]
  0x0000000002420800 JavaThread "main" [_thread_blocked, id=7508, stack(0x0000000002270000,0x0000000002370000)]

Other Threads:
  0x0000000015039800 VMThread [stack: 0x0000000016d30000,0x0000000016e30000] [id=6880]
  0x0000000017116800 WatcherThread [stack: 0x0000000017b30000,0x0000000017c30000] [id=9880]

VM state:not at safepoint (normal execution)

VM Mutex/Monitor currently owned by a thread: None

Heap:
 PSYoungGen      total 38400K, used 32238K [0x00000000eab00000, 0x00000000ed580000, 0x0000000100000000)
  eden space 33280K, 96% used [0x00000000eab00000,0x00000000eca7b958,0x00000000ecb80000)
  from space 5120K, 0% used [0x00000000ed080000,0x00000000ed080000,0x00000000ed580000)
  to   space 5120K, 0% used [0x00000000ecb80000,0x00000000ecb80000,0x00000000ed080000)
 ParOldGen       total 87552K, used 0K [0x00000000c0000000, 0x00000000c5580000, 0x00000000eab00000)
  object space 87552K, 0% used [0x00000000c0000000,0x00000000c0000000,0x00000000c5580000)
 Metaspace       used 5960K, capacity 6896K, committed 7040K, reserved 1056768K
  class space    used 593K, capacity 616K, committed 640K, reserved 1048576K

Card table byte_map: [0x00000000118e0000,0x0000000011af0000] byte_map_base: 0x00000000112e0000

Marking Bits: (ParMarkBitMap*) 0x0000000075a34040
 Begin Bits: [0x0000000012450000, 0x0000000013450000)
 End Bits:   [0x0000000013450000, 0x0000000014450000)

Polling page: 0x0000000000ab0000

CodeCache: size=245760Kb used=5052Kb max_used=5065Kb free=240707Kb
 bounds [0x0000000002520000, 0x0000000002a20000, 0x0000000011520000]
 total_blobs=1537 nmethods=1269 adapters=182
 compilation: enabled

Compilation events (10 events):
Event: 3.460 Thread 0x0000000017109800 1269       3       com.android.dx.dex.cf.AttributeTranslator::getAnnotations0 (62 bytes)
Event: 3.461 Thread 0x0000000017109800 nmethod 1269 0x0000000002a0a490 code [0x0000000002a0a6a0, 0x0000000002a0b3f8]
Event: 3.461 Thread 0x0000000017109800 1271  s    3       com.android.dx.dex.file.MethodIdsSection::intern (55 bytes)
Event: 3.462 Thread 0x0000000017109800 nmethod 1271 0x0000000002a0b950 code [0x0000000002a0bb80, 0x0000000002a0c888]
Event: 3.462 Thread 0x0000000017109800 1270       3       com.android.dx.dex.cf.AttributeTranslator::getSignature (26 bytes)
Event: 3.462 Thread 0x0000000017109800 nmethod 1270 0x0000000002a0cf90 code [0x0000000002a0d120, 0x0000000002a0d4d8]
Event: 3.464 Thread 0x0000000017106000 nmethod 1258 0x0000000002a14450 code [0x0000000002a145e0, 0x0000000002a14dd8]
Event: 3.464 Thread 0x0000000017106000 1264       4       com.android.dx.ssa.SsaMethod::bitSetFromLabelList (47 bytes)
Event: 3.465 Thread 0x0000000017104800 nmethod 1220 0x0000000002a15890 code [0x0000000002a15a40, 0x0000000002a16838]
Event: 3.465 Thread 0x0000000017104800 1265       4       com.android.dx.ssa.SCCP::addBlockToWorklist (47 bytes)

GC Heap History (0 events):
No events

Deoptimization events (6 events):
Event: 1.736 Thread 0x0000000017321000 Uncommon trap: reason=unstable_if action=reinterpret pc=0x0000000002739070 method=java.util.BitSet.nextSetBit(I)I @ 87
Event: 1.744 Thread 0x00000000172b8000 Uncommon trap: reason=class_check action=maybe_recompile pc=0x0000000002773830 method=com.android.dx.ssa.NormalSsaInsn.accept(Lcom/android/dx/ssa/SsaInsn$Visitor;)V @ 9
Event: 1.767 Thread 0x00000000172b8000 Uncommon trap: reason=unstable_if action=reinterpret pc=0x0000000002731764 method=java.util.HashMap.getNode(ILjava/lang/Object;)Ljava/util/HashMap$Node; @ 129
Event: 2.297 Thread 0x000000001725c000 Uncommon trap: reason=null_check action=make_not_entrant pc=0x00000000027dd1a0 method=com.android.dx.rop.type.Type.equals(Ljava/lang/Object;)Z @ 8
Event: 2.823 Thread 0x000000001725c000 Uncommon trap: reason=unstable_if action=reinterpret pc=0x00000000027da55c method=com.android.dx.rop.cst.Constant.compareTo(Lcom/android/dx/rop/cst/Constant;)I @ 12
Event: 2.918 Thread 0x0000000017327800 Uncommon trap: reason=unstable_if action=reinterpret pc=0x00000000027d00d0 method=com.android.dx.rop.code.RegisterSpec.equals(ILcom/android/dx/rop/type/TypeBearer;Lcom/android/dx/rop/code/LocalItem;)Z @ 42

Internal exceptions (3 events):
Event: 0.094 Thread 0x0000000002420800 Exception <a 'java/lang/NoSuchMethodError': Method sun.misc.Unsafe.defineClass(Ljava/lang/String;[BII)Ljava/lang/Class; name or signature does not match> (0x00000000eab12d98) thrown at [C:\re\workspace\8-2-build-windows-amd64-cygwin\jdk8u45\3457\hotspot\sr¾ÕÍ­(¸?
Event: 0.094 Thread 0x0000000002420800 Exception <a 'java/lang/NoSuchMethodError': Method sun.misc.Unsafe.prefetchRead(Ljava/lang/Object;J)V name or signature does not match> (0x00000000eab13028) thrown at [C:\re\workspace\8-2-build-windows-amd64-cygwin\jdk8u45\3457\hotspot\src\share\vm\prims\jÚ©Z©½_@
Event: 2.297 Thread 0x000000001725c000 Implicit null exception at 0x00000000027dd0a2 to 0x00000000027dd192

Events (10 events):
Event: 2.918 Thread 0x0000000017327800 DEOPT UNPACKING pc=0x000000000256582a sp=0x000000001812e6d8 mode 2
Event: 2.922 loading class java/util/HashMap$KeySet
Event: 2.922 loading class java/util/HashMap$KeySet done
Event: 2.923 loading class java/util/HashMap$KeyIterator
Event: 2.923 loading class java/util/HashMap$KeyIterator done
Event: 2.923 Thread 0x0000000017327800 DEOPT PACKING pc=0x00000000027d994a sp=0x000000001812e5c0
Event: 2.923 Thread 0x0000000017327800 DEOPT UNPACKING pc=0x000000000256747f sp=0x000000001812e308 mode 0
Event: 3.415 Thread 0x00000000172b8000 DEOPT PACKING pc=0x0000000002842941 sp=0x0000000017f2e7a0
Event: 3.415 Thread 0x00000000172b8000 DEOPT UNPACKING pc=0x000000000256747f sp=0x0000000017f2e568 mode 0
Event: 3.460 Thread 0x00000000172b8000 Thread exited: 0x00000000172b8000


Dynamic libraries:
0x00007ff70fa50000 - 0x00007ff70fa87000 	C:\Program Files\Java\jdk1.8.0_45\bin\java.exe
0x00007ffc60a80000 - 0x00007ffc60c2c000 	C:\Windows\SYSTEM32\ntdll.dll
0x00007ffc606e0000 - 0x00007ffc6081e000 	C:\Windows\system32\KERNEL32.DLL
0x00007ffc5dd50000 - 0x00007ffc5de65000 	C:\Windows\system32\KERNELBASE.dll
0x00007ffc5c770000 - 0x00007ffc5c7fe000 	C:\Windows\system32\apphelp.dll
0x00007ffc595d0000 - 0x00007ffc59623000 	C:\Windows\AppPatch\AppPatch64\AcGenral.DLL
0x00007ffc5e250000 - 0x00007ffc5e2fa000 	C:\Windows\system32\msvcrt.dll
0x00007ffc5db90000 - 0x00007ffc5dbbe000 	C:\Windows\SYSTEM32\SspiCli.dll
0x00007ffc60620000 - 0x00007ffc60674000 	C:\Windows\system32\SHLWAPI.dll
0x00007ffc602e0000 - 0x00007ffc60457000 	C:\Windows\system32\USER32.dll
0x00007ffc5fe90000 - 0x00007ffc60024000 	C:\Windows\system32\ole32.dll
0x00007ffc5e900000 - 0x00007ffc5fe2b000 	C:\Windows\system32\SHELL32.dll
0x00007ffc5d420000 - 0x00007ffc5d441000 	C:\Windows\SYSTEM32\USERENV.dll
0x00007ffc609d0000 - 0x00007ffc60a7a000 	C:\Windows\system32\ADVAPI32.dll
0x00007ffc554a0000 - 0x00007ffc554be000 	C:\Windows\SYSTEM32\MPR.dll
0x00007ffc5e100000 - 0x00007ffc5e241000 	C:\Windows\system32\RPCRT4.dll
0x00007ffc5e310000 - 0x00007ffc5e369000 	C:\Windows\SYSTEM32\sechost.dll
0x00007ffc5e4a0000 - 0x00007ffc5e6b1000 	C:\Windows\SYSTEM32\combase.dll
0x00007ffc5e790000 - 0x00007ffc5e8df000 	C:\Windows\system32\GDI32.dll
0x00007ffc5dbd0000 - 0x00007ffc5dbe5000 	C:\Windows\SYSTEM32\profapi.dll
0x00007ffc5c120000 - 0x00007ffc5c1d2000 	C:\Windows\SYSTEM32\SHCORE.dll
0x00007ffc605c0000 - 0x00007ffc605f6000 	C:\Windows\system32\IMM32.DLL
0x00007ffc60460000 - 0x00007ffc605b2000 	C:\Windows\system32\MSCTF.dll
0x00007ffc5bac0000 - 0x00007ffc5bd3b000 	C:\Windows\WinSxS\amd64_microsoft.windows.common-controls_6595b64144ccf1df_6.0.9600.18006_none_623f33d3ecbe86e8\COMCTL32.dll
0x0000000074e50000 - 0x0000000074f22000 	C:\Program Files\Java\jdk1.8.0_45\jre\bin\msvcr100.dll
0x0000000075230000 - 0x0000000075ab3000 	C:\Program Files\Java\jdk1.8.0_45\jre\bin\server\jvm.dll
0x00007ffc5be20000 - 0x00007ffc5be29000 	C:\Windows\SYSTEM32\WSOCK32.dll
0x00007ffc5a150000 - 0x00007ffc5a172000 	C:\Windows\SYSTEM32\WINMM.dll
0x00007ffc5bd40000 - 0x00007ffc5bd4a000 	C:\Windows\SYSTEM32\VERSION.dll
0x00007ffc5e8f0000 - 0x00007ffc5e8f7000 	C:\Windows\system32\PSAPI.DLL
0x00007ffc5fe30000 - 0x00007ffc5fe8a000 	C:\Windows\system32\WS2_32.dll
0x00007ffc59de0000 - 0x00007ffc59e0a000 	C:\Windows\SYSTEM32\WINMMBASE.dll
0x00007ffc5e780000 - 0x00007ffc5e789000 	C:\Windows\system32\NSI.dll
0x00007ffc5dca0000 - 0x00007ffc5dcef000 	C:\Windows\SYSTEM32\cfgmgr32.dll
0x00007ffc5c9d0000 - 0x00007ffc5c9f8000 	C:\Windows\SYSTEM32\DEVOBJ.dll
0x0000000076560000 - 0x000000007656f000 	C:\Program Files\Java\jdk1.8.0_45\jre\bin\verify.dll
0x0000000076530000 - 0x0000000076559000 	C:\Program Files\Java\jdk1.8.0_45\jre\bin\java.dll
0x0000000075c70000 - 0x0000000075c86000 	C:\Program Files\Java\jdk1.8.0_45\jre\bin\zip.dll
0x00007ffc424d0000 - 0x00007ffc42659000 	C:\Windows\SYSTEM32\dbghelp.dll

VM Arguments:
jvm_args: -Djava.awt.headless=true -Xmx1024M -Dfile.encoding=x-windows-874 -Duser.country=US -Duser.language=en -Duser.variant 
java_command: com.android.dx.command.Main --dex --num-threads=4 --output C:\Users\Tossapon\project2\StadiumFinder-Android\app\build\intermediates\pre-dexed\debug\bolts-android-1.2.0_a68b3e1b638e8279447d5dcc427ed2f484405c4a.jar C:\Users\Tossapon\.gradle\caches\modules-2\files-2.1\com.parse.bolts\bolts-android\1.2.0\6ee2953ccf51ce72b6d548c30c4633b99eb4f9dd\bolts-android-1.2.0.jar
java_class_path (initial): C:\Users\Tossapon\AppData\Local\Android\sdk\build-tools\23.0.2\lib\dx.jar
Launcher Type: SUN_STANDARD

Environment Variables:
PATH=C:\ProgramData\Oracle\Java\javapath;C:\Windows\system32;C:\Windows;C:\Windows\System32\Wbem;C:\Windows\System32\WindowsPowerShell\v1.0\;c:\Go\bin;C:\Program Files\MongoDB\Server\3.0\bin;C:\Program Files (x86)\Git\bin;C:\MinGW\bin;C:\Program Files\nodejs\;C:\Program Files\Java\jdk1.8.0_45\bin;C:\php;C:\ProgramData\ComposerSetup\bin;C:\Users\Tossapon\AppData\Roaming\Composer\vendor\bin;C:\mysql-5.6.27-winx64\bin;C:\php;C:\Program Files (x86)\NVIDIA Corporation\PhysX\Common;C:\Program Files (x86)\Microsoft Emulator Manager\1.0\;C:\Users\Tossapon\AppData\Local\Android\sdk\platform-tools;C:\Program Files (x86)\Nmap
USERNAME=Tossapon
OS=Windows_NT
PROCESSOR_IDENTIFIER=AMD64 Family 21 Model 1 Stepping 2, AuthenticAMD



---------------  S Y S T E M  ---------------

OS: Windows 8.1 , 64 bit Build 9600 (6.3.9600.17415)

CPU:total 8 (8 cores per cpu, 1 threads per core) family 21 model 1 stepping 2, cmov, cx8, fxsr, mmx, sse, sse2, sse3, ssse3, sse4.1, sse4.2, popcnt, avx, aes, clmul, mmxext, 3dnowpref, lzcnt, sse4a, tsc, tscinvbit, tscinv

Memory: 4k page, physical 8335664k(609516k free), swap 17771680k(5064k free)

vm_info: Java HotSpot(TM) 64-Bit Server VM (25.45-b02) for windows-amd64 JRE (1.8.0_45-b14), built on Apr 10 2015 10:34:15 by "java_re" with MS VC++ 10.0 (VS2010)

time: Sun Dec 20 16:26:56 2015
elapsed time: 3 seconds (0d 0h 0m 3s)

