#
# There is insufficient memory for the Java Runtime Environment to continue.
# Native memory allocation (malloc) failed to allocate 278656 bytes for Chunk::new
# Possible reasons:
#   The system is out of physical RAM or swap space
#   In 32 bit mode, the process size limit was hit
# Possible solutions:
#   Reduce memory load on the system
#   Increase physical memory or swap space
#   Check if swap backing store is full
#   Use 64 bit Java on a 64 bit OS
#   Decrease Java heap size (-Xmx/-Xms)
#   Decrease number of Java threads
#   Decrease Java thread stack sizes (-Xss)
#   Set larger code cache with -XX:ReservedCodeCacheSize=
# This output file may be truncated or incomplete.
#
#  Out of Memory Error (allocation.cpp:390), pid=12948, tid=96
#
# JRE version: Java(TM) SE Runtime Environment (8.0_45-b14) (build 1.8.0_45-b14)
# Java VM: Java HotSpot(TM) 64-Bit Server VM (25.45-b02 mixed mode windows-amd64 compressed oops)
# Failed to write core dump. Minidumps are not enabled by default on client versions of Windows
#

---------------  T H R E A D  ---------------

Current thread (0x0000000017616800):  JavaThread "C2 CompilerThread1" daemon [_thread_in_native, id=96, stack(0x0000000017c50000,0x0000000017d50000)]

Stack: [0x0000000017c50000,0x0000000017d50000]
Native frames: (J=compiled Java code, j=interpreted, Vv=VM code, C=native code)
V  [jvm.dll+0x32b57a]


Current CompileTask:
C2:   3168 1195       4       com.android.dx.ssa.NormalSsaInsn::accept (25 bytes)


---------------  P R O C E S S  ---------------

Java Threads: ( => current thread )
  0x00000000186f2800 JavaThread "pool-1-thread-4" [_thread_blocked, id=9376, stack(0x0000000019d20000,0x0000000019e20000)]
  0x000000001861b800 JavaThread "pool-1-thread-3" [_thread_blocked, id=13420, stack(0x0000000019c20000,0x0000000019d20000)]
  0x000000001861a800 JavaThread "pool-1-thread-2" [_thread_in_Java, id=7688, stack(0x0000000019b20000,0x0000000019c20000)]
  0x00000000187b9000 JavaThread "pool-2-thread-1" [_thread_blocked, id=10452, stack(0x0000000019a20000,0x0000000019b20000)]
  0x00000000178e9800 JavaThread "pool-1-thread-1" [_thread_blocked, id=10172, stack(0x0000000019920000,0x0000000019a20000)]
  0x0000000017654800 JavaThread "Service Thread" daemon [_thread_blocked, id=12372, stack(0x0000000017f50000,0x0000000018050000)]
  0x0000000017635000 JavaThread "C1 CompilerThread3" daemon [_thread_blocked, id=1300, stack(0x0000000017e50000,0x0000000017f50000)]
  0x0000000017625000 JavaThread "C2 CompilerThread2" daemon [_thread_in_vm, id=14128, stack(0x0000000017d50000,0x0000000017e50000)]
=>0x0000000017616800 JavaThread "C2 CompilerThread1" daemon [_thread_in_native, id=96, stack(0x0000000017c50000,0x0000000017d50000)]
  0x00000000175c6000 JavaThread "C2 CompilerThread0" daemon [_thread_in_native, id=11184, stack(0x0000000017b50000,0x0000000017c50000)]
  0x00000000175c3000 JavaThread "Attach Listener" daemon [_thread_blocked, id=8948, stack(0x0000000017a50000,0x0000000017b50000)]
  0x00000000175c2800 JavaThread "Signal Dispatcher" daemon [_thread_blocked, id=4180, stack(0x0000000017950000,0x0000000017a50000)]
  0x0000000002a6a000 JavaThread "Finalizer" daemon [_thread_blocked, id=6324, stack(0x0000000017450000,0x0000000017550000)]
  0x0000000002a63000 JavaThread "Reference Handler" daemon [_thread_blocked, id=14060, stack(0x0000000017350000,0x0000000017450000)]
  0x0000000002970800 JavaThread "main" [_thread_blocked, id=8752, stack(0x0000000002870000,0x0000000002970000)]

Other Threads:
  0x0000000015589000 VMThread [stack: 0x0000000017250000,0x0000000017350000] [id=6016]
  0x0000000017655800 WatcherThread [stack: 0x0000000018050000,0x0000000018150000] [id=6628]

VM state:not at safepoint (normal execution)

VM Mutex/Monitor currently owned by a thread: None

Heap:
 PSYoungGen      total 38400K, used 9842K [0x00000000eab00000, 0x00000000ed580000, 0x0000000100000000)
  eden space 33280K, 16% used [0x00000000eab00000,0x00000000eb044218,0x00000000ecb80000)
  from space 5120K, 86% used [0x00000000ecb80000,0x00000000ecfd89d8,0x00000000ed080000)
  to   space 5120K, 0% used [0x00000000ed080000,0x00000000ed080000,0x00000000ed580000)
 ParOldGen       total 87552K, used 0K [0x00000000c0000000, 0x00000000c5580000, 0x00000000eab00000)
  object space 87552K, 0% used [0x00000000c0000000,0x00000000c0000000,0x00000000c5580000)
 Metaspace       used 5901K, capacity 6832K, committed 7040K, reserved 1056768K
  class space    used 589K, capacity 616K, committed 640K, reserved 1048576K

Card table byte_map: [0x0000000011e30000,0x0000000012040000] byte_map_base: 0x0000000011830000

Marking Bits: (ParMarkBitMap*) 0x0000000075a34040
 Begin Bits: [0x00000000129a0000, 0x00000000139a0000)
 End Bits:   [0x00000000139a0000, 0x00000000149a0000)

Polling page: 0x0000000000f10000

CodeCache: size=245760Kb used=4621Kb max_used=4626Kb free=241138Kb
 bounds [0x0000000002a70000, 0x0000000002f00000, 0x0000000011a70000]
 total_blobs=1468 nmethods=1200 adapters=182
 compilation: enabled

Compilation events (10 events):
Event: 3.163 Thread 0x0000000017635000 nmethod 1205 0x0000000002ee0cd0 code [0x0000000002ee0e20, 0x0000000002ee0f50]
Event: 3.163 Thread 0x0000000017635000 1193       3       java.util.TreeMap::successor (66 bytes)
Event: 3.163 Thread 0x0000000017635000 nmethod 1193 0x0000000002ee2710 code [0x0000000002ee28a0, 0x0000000002ee2c10]
Event: 3.163 Thread 0x0000000017635000 1192       3       java.util.TreeMap$PrivateEntryIterator::nextEntry (54 bytes)
Event: 3.163 Thread 0x0000000017635000 nmethod 1192 0x0000000002ee2050 code [0x0000000002ee21e0, 0x0000000002ee2568]
Event: 3.163 Thread 0x0000000017635000 1196       3       com.android.dx.rop.code.PlainCstInsn::<init> (30 bytes)
Event: 3.164 Thread 0x0000000017635000 nmethod 1196 0x0000000002ee4510 code [0x0000000002ee46c0, 0x0000000002ee4b88]
Event: 3.164 Thread 0x0000000017635000 1206       1       com.android.dx.rop.code.Insn$BaseVisitor::visitPlainInsn (1 bytes)
Event: 3.164 Thread 0x0000000017635000 nmethod 1206 0x0000000002ee0a10 code [0x0000000002ee0b60, 0x0000000002ee0c70]
Event: 3.164 Thread 0x0000000017635000 1197       3       com.android.dx.ssa.SsaRenamer$BlockRenamer::visitMoveInsn (271 bytes)

GC Heap History (2 events):
Event: 2.296 GC heap before
{Heap before GC invocations=1 (full 0):
 PSYoungGen      total 38400K, used 33280K [0x00000000eab00000, 0x00000000ed580000, 0x0000000100000000)
  eden space 33280K, 100% used [0x00000000eab00000,0x00000000ecb80000,0x00000000ecb80000)
  from space 5120K, 0% used [0x00000000ed080000,0x00000000ed080000,0x00000000ed580000)
  to   space 5120K, 0% used [0x00000000ecb80000,0x00000000ecb80000,0x00000000ed080000)
 ParOldGen       total 87552K, used 0K [0x00000000c0000000, 0x00000000c5580000, 0x00000000eab00000)
  object space 87552K, 0% used [0x00000000c0000000,0x00000000c0000000,0x00000000c5580000)
 Metaspace       used 5816K, capacity 6768K, committed 7040K, reserved 1056768K
  class space    used 587K, capacity 616K, committed 640K, reserved 1048576K
Event: 2.977 GC heap after
Heap after GC invocations=1 (full 0):
 PSYoungGen      total 38400K, used 4450K [0x00000000eab00000, 0x00000000ed580000, 0x0000000100000000)
  eden space 33280K, 0% used [0x00000000eab00000,0x00000000eab00000,0x00000000ecb80000)
  from space 5120K, 86% used [0x00000000ecb80000,0x00000000ecfd89d8,0x00000000ed080000)
  to   space 5120K, 0% used [0x00000000ed080000,0x00000000ed080000,0x00000000ed580000)
 ParOldGen       total 87552K, used 0K [0x00000000c0000000, 0x00000000c5580000, 0x00000000eab00000)
  object space 87552K, 0% used [0x00000000c0000000,0x00000000c0000000,0x00000000c5580000)
 Metaspace       used 5816K, capacity 6768K, committed 7040K, reserved 1056768K
  class space    used 587K, capacity 616K, committed 640K, reserved 1048576K
}

Deoptimization events (10 events):
Event: 0.770 Thread 0x0000000002970800 Uncommon trap: reason=unstable_if action=reinterpret pc=0x0000000002c028b0 method=java.util.regex.Pattern$BnM.match(Ljava/util/regex/Matcher;ILjava/lang/CharSequence;)Z @ 56
Event: 1.896 Thread 0x0000000002970800 Uncommon trap: reason=null_check action=make_not_entrant pc=0x0000000002d48760 method=com.android.dx.rop.type.Type.equals(Ljava/lang/Object;)Z @ 8
Event: 2.084 Thread 0x0000000002970800 Uncommon trap: reason=class_check action=maybe_recompile pc=0x0000000002d93038 method=com.android.dx.ssa.NormalSsaInsn.accept(Lcom/android/dx/ssa/SsaInsn$Visitor;)V @ 9
Event: 3.017 Thread 0x00000000178e9800 Uncommon trap: reason=class_check action=maybe_recompile pc=0x0000000002d93038 method=com.android.dx.ssa.NormalSsaInsn.accept(Lcom/android/dx/ssa/SsaInsn$Visitor;)V @ 9
Event: 3.017 Thread 0x00000000178e9800 Uncommon trap: reason=class_check action=maybe_recompile pc=0x0000000002d4ee14 method=com.android.dx.ssa.NormalSsaInsn.accept(Lcom/android/dx/ssa/SsaInsn$Visitor;)V @ 9
Event: 3.017 Thread 0x00000000178e9800 Uncommon trap: reason=class_check action=maybe_recompile pc=0x0000000002d4ee14 method=com.android.dx.ssa.NormalSsaInsn.accept(Lcom/android/dx/ssa/SsaInsn$Visitor;)V @ 9
Event: 3.027 Thread 0x00000000178e9800 Uncommon trap: reason=class_check action=maybe_recompile pc=0x0000000002d93038 method=com.android.dx.ssa.NormalSsaInsn.accept(Lcom/android/dx/ssa/SsaInsn$Visitor;)V @ 9
Event: 3.118 Thread 0x00000000178e9800 Uncommon trap: reason=class_check action=maybe_recompile pc=0x0000000002ce2680 method=com.android.dx.rop.type.Type.equals(Ljava/lang/Object;)Z @ 8
Event: 3.118 Thread 0x00000000178e9800 Uncommon trap: reason=class_check action=maybe_recompile pc=0x0000000002ce2680 method=com.android.dx.rop.type.Type.equals(Ljava/lang/Object;)Z @ 8
Event: 3.118 Thread 0x00000000178e9800 Uncommon trap: reason=class_check action=maybe_recompile pc=0x0000000002ce2680 method=com.android.dx.rop.type.Type.equals(Ljava/lang/Object;)Z @ 8

Internal exceptions (3 events):
Event: 0.117 Thread 0x0000000002970800 Exception <a 'java/lang/NoSuchMethodError': Method sun.misc.Unsafe.defineClass(Ljava/lang/String;[BII)Ljava/lang/Class; name or signature does not match> (0x00000000eab12f38) thrown at [C:\re\workspace\8-2-build-windows-amd64-cygwin\jdk8u45\3457\hotspot\srð¬^Žôæ½?
Event: 0.117 Thread 0x0000000002970800 Exception <a 'java/lang/NoSuchMethodError': Method sun.misc.Unsafe.prefetchRead(Ljava/lang/Object;J)V name or signature does not match> (0x00000000eab131c8) thrown at [C:\re\workspace\8-2-build-windows-amd64-cygwin\jdk8u45\3457\hotspot\src\share\vm\prims\j„‘®;Tþ?
Event: 1.896 Thread 0x0000000002970800 Implicit null exception at 0x0000000002d48662 to 0x0000000002d48752

Events (10 events):
Event: 3.118 Thread 0x00000000178e9800 DEOPT PACKING pc=0x0000000002ce2680 sp=0x0000000019a1e5c0
Event: 3.118 Thread 0x00000000178e9800 DEOPT UNPACKING pc=0x0000000002ab582a sp=0x0000000019a1e338 mode 2
Event: 3.118 Thread 0x00000000178e9800 Uncommon trap: trap_request=0xffffffde fr.pc=0x0000000002ce2680
Event: 3.118 Thread 0x00000000178e9800 DEOPT PACKING pc=0x0000000002ce2680 sp=0x0000000019a1e5c0
Event: 3.118 Thread 0x00000000178e9800 DEOPT UNPACKING pc=0x0000000002ab582a sp=0x0000000019a1e338 mode 2
Event: 3.118 Thread 0x00000000178e9800 Uncommon trap: trap_request=0xffffffde fr.pc=0x0000000002ce2680
Event: 3.118 Thread 0x00000000178e9800 DEOPT PACKING pc=0x0000000002ce2680 sp=0x0000000019a1e650
Event: 3.118 Thread 0x00000000178e9800 DEOPT UNPACKING pc=0x0000000002ab582a sp=0x0000000019a1e3c8 mode 2
Event: 3.150 loading class com/android/dx/cf/attrib/AttEnclosingMethod
Event: 3.150 loading class com/android/dx/cf/attrib/AttEnclosingMethod done


Dynamic libraries:
0x00007ff70fa50000 - 0x00007ff70fa87000 	C:\Program Files\Java\jdk1.8.0_45\bin\java.exe
0x00007ffc60a80000 - 0x00007ffc60c2c000 	C:\Windows\SYSTEM32\ntdll.dll
0x00007ffc606e0000 - 0x00007ffc6081e000 	C:\Windows\system32\KERNEL32.DLL
0x00007ffc5dd50000 - 0x00007ffc5de65000 	C:\Windows\system32\KERNELBASE.dll
0x00007ffc5c770000 - 0x00007ffc5c7fe000 	C:\Windows\system32\apphelp.dll
0x00007ffc595d0000 - 0x00007ffc59623000 	C:\Windows\AppPatch\AppPatch64\AcGenral.DLL
0x00007ffc5e250000 - 0x00007ffc5e2fa000 	C:\Windows\system32\msvcrt.dll
0x00007ffc5db90000 - 0x00007ffc5dbbe000 	C:\Windows\SYSTEM32\SspiCli.dll
0x00007ffc60620000 - 0x00007ffc60674000 	C:\Windows\system32\SHLWAPI.dll
0x00007ffc602e0000 - 0x00007ffc60457000 	C:\Windows\system32\USER32.dll
0x00007ffc5fe90000 - 0x00007ffc60024000 	C:\Windows\system32\ole32.dll
0x00007ffc5e900000 - 0x00007ffc5fe2b000 	C:\Windows\system32\SHELL32.dll
0x00007ffc5d420000 - 0x00007ffc5d441000 	C:\Windows\SYSTEM32\USERENV.dll
0x00007ffc609d0000 - 0x00007ffc60a7a000 	C:\Windows\system32\ADVAPI32.dll
0x00007ffc554a0000 - 0x00007ffc554be000 	C:\Windows\SYSTEM32\MPR.dll
0x00007ffc5e100000 - 0x00007ffc5e241000 	C:\Windows\system32\RPCRT4.dll
0x00007ffc5e310000 - 0x00007ffc5e369000 	C:\Windows\SYSTEM32\sechost.dll
0x00007ffc5e4a0000 - 0x00007ffc5e6b1000 	C:\Windows\SYSTEM32\combase.dll
0x00007ffc5e790000 - 0x00007ffc5e8df000 	C:\Windows\system32\GDI32.dll
0x00007ffc5dbd0000 - 0x00007ffc5dbe5000 	C:\Windows\SYSTEM32\profapi.dll
0x00007ffc5c120000 - 0x00007ffc5c1d2000 	C:\Windows\SYSTEM32\SHCORE.dll
0x00007ffc605c0000 - 0x00007ffc605f6000 	C:\Windows\system32\IMM32.DLL
0x00007ffc60460000 - 0x00007ffc605b2000 	C:\Windows\system32\MSCTF.dll
0x00007ffc5bac0000 - 0x00007ffc5bd3b000 	C:\Windows\WinSxS\amd64_microsoft.windows.common-controls_6595b64144ccf1df_6.0.9600.18006_none_623f33d3ecbe86e8\COMCTL32.dll
0x0000000074e50000 - 0x0000000074f22000 	C:\Program Files\Java\jdk1.8.0_45\jre\bin\msvcr100.dll
0x0000000075230000 - 0x0000000075ab3000 	C:\Program Files\Java\jdk1.8.0_45\jre\bin\server\jvm.dll
0x00007ffc5be20000 - 0x00007ffc5be29000 	C:\Windows\SYSTEM32\WSOCK32.dll
0x00007ffc5a150000 - 0x00007ffc5a172000 	C:\Windows\SYSTEM32\WINMM.dll
0x00007ffc5bd40000 - 0x00007ffc5bd4a000 	C:\Windows\SYSTEM32\VERSION.dll
0x00007ffc5e8f0000 - 0x00007ffc5e8f7000 	C:\Windows\system32\PSAPI.DLL
0x00007ffc5fe30000 - 0x00007ffc5fe8a000 	C:\Windows\system32\WS2_32.dll
0x00007ffc59de0000 - 0x00007ffc59e0a000 	C:\Windows\SYSTEM32\WINMMBASE.dll
0x00007ffc5e780000 - 0x00007ffc5e789000 	C:\Windows\system32\NSI.dll
0x00007ffc5dca0000 - 0x00007ffc5dcef000 	C:\Windows\SYSTEM32\cfgmgr32.dll
0x00007ffc5c9d0000 - 0x00007ffc5c9f8000 	C:\Windows\SYSTEM32\DEVOBJ.dll
0x0000000076560000 - 0x000000007656f000 	C:\Program Files\Java\jdk1.8.0_45\jre\bin\verify.dll
0x0000000076530000 - 0x0000000076559000 	C:\Program Files\Java\jdk1.8.0_45\jre\bin\java.dll
0x0000000075c70000 - 0x0000000075c86000 	C:\Program Files\Java\jdk1.8.0_45\jre\bin\zip.dll

VM Arguments:
jvm_args: -Djava.awt.headless=true -Xmx1024M -Dfile.encoding=x-windows-874 -Duser.country=US -Duser.language=en -Duser.variant 
java_command: com.android.dx.command.Main --dex --num-threads=4 --output C:\Users\Tossapon\project2\StadiumFinder-Android\app\build\intermediates\pre-dexed\debug\com.google.android.gms-play-services-ads-7.8.0_e757870b58b8d74dc7dc24dd38cc30480633872f.jar C:\Users\Tossapon\project2\StadiumFinder-Android\app\build\intermediates\exploded-aar\com.google.android.gms\play-services-ads\7.8.0\jars\classes.jar
java_class_path (initial): C:\Users\Tossapon\AppData\Local\Android\sdk\build-tools\23.0.2\lib\dx.jar
Launcher Type: SUN_STANDARD

Environment Variables:
PATH=C:\ProgramData\Oracle\Java\javapath;C:\Windows\system32;C:\Windows;C:\Windows\System32\Wbem;C:\Windows\System32\WindowsPowerShell\v1.0\;c:\Go\bin;C:\Program Files\MongoDB\Server\3.0\bin;C:\Program Files (x86)\Git\bin;C:\MinGW\bin;C:\Program Files\nodejs\;C:\Program Files\Java\jdk1.8.0_45\bin;C:\php;C:\ProgramData\ComposerSetup\bin;C:\Users\Tossapon\AppData\Roaming\Composer\vendor\bin;C:\mysql-5.6.27-winx64\bin;C:\php;C:\Program Files (x86)\NVIDIA Corporation\PhysX\Common;C:\Program Files (x86)\Microsoft Emulator Manager\1.0\;C:\Users\Tossapon\AppData\Local\Android\sdk\platform-tools;C:\Program Files (x86)\Nmap
USERNAME=Tossapon
OS=Windows_NT
PROCESSOR_IDENTIFIER=AMD64 Family 21 Model 1 Stepping 2, AuthenticAMD



---------------  S Y S T E M  ---------------

OS: Windows 8.1 , 64 bit Build 9600 (6.3.9600.17415)

CPU:total 8 (8 cores per cpu, 1 threads per core) family 21 model 1 stepping 2, cmov, cx8, fxsr, mmx, sse, sse2, sse3, ssse3, sse4.1, sse4.2, popcnt, avx, aes, clmul, mmxext, 3dnowpref, lzcnt, sse4a, tsc, tscinvbit, tscinv

Memory: 4k page, physical 8335664k(652964k free), swap 17771680k(5056k free)

vm_info: Java HotSpot(TM) 64-Bit Server VM (25.45-b02) for windows-amd64 JRE (1.8.0_45-b14), built on Apr 10 2015 10:34:15 by "java_re" with MS VC++ 10.0 (VS2010)

time: Sun Dec 20 16:26:41 2015
elapsed time: 3 seconds (0d 0h 0m 3s)

