#
# There is insufficient memory for the Java Runtime Environment to continue.
# Native memory allocation (malloc) failed to allocate 229696 bytes for Chunk::new
# Possible reasons:
#   The system is out of physical RAM or swap space
#   In 32 bit mode, the process size limit was hit
# Possible solutions:
#   Reduce memory load on the system
#   Increase physical memory or swap space
#   Check if swap backing store is full
#   Use 64 bit Java on a 64 bit OS
#   Decrease Java heap size (-Xmx/-Xms)
#   Decrease number of Java threads
#   Decrease Java thread stack sizes (-Xss)
#   Set larger code cache with -XX:ReservedCodeCacheSize=
# This output file may be truncated or incomplete.
#
#  Out of Memory Error (allocation.cpp:390), pid=11324, tid=9320
#
# JRE version: Java(TM) SE Runtime Environment (8.0_45-b14) (build 1.8.0_45-b14)
# Java VM: Java HotSpot(TM) 64-Bit Server VM (25.45-b02 mixed mode windows-amd64 compressed oops)
# Failed to write core dump. Minidumps are not enabled by default on client versions of Windows
#

---------------  T H R E A D  ---------------

Current thread (0x0000000016dec000):  JavaThread "C2 CompilerThread2" daemon [_thread_in_native, id=9320, stack(0x0000000017550000,0x0000000017650000)]

Stack: [0x0000000017550000,0x0000000017650000]
Native frames: (J=compiled Java code, j=interpreted, Vv=VM code, C=native code)
V  [jvm.dll+0x32b57a]
V  [jvm.dll+0x279873]
V  [jvm.dll+0x27a509]
V  [jvm.dll+0x271825]
V  [jvm.dll+0xcb9e2]
V  [jvm.dll+0xcbeac]
V  [jvm.dll+0x476ef2]
V  [jvm.dll+0x4b955f]
V  [jvm.dll+0x46baa8]
V  [jvm.dll+0x46ccbe]
V  [jvm.dll+0x4500f2]
V  [jvm.dll+0xa4352]
V  [jvm.dll+0xa4c8f]
V  [jvm.dll+0x241984]
V  [jvm.dll+0x29853a]
C  [msvcr100.dll+0x21d9f]
C  [msvcr100.dll+0x21e3b]
C  [KERNEL32.DLL+0x13d2]
C  [ntdll.dll+0x15454]


Current CompileTask:
C2:   3423 1195       4       com.android.dx.ssa.Dominators::eval (29 bytes)


---------------  P R O C E S S  ---------------

Java Threads: ( => current thread )
  0x00000000170d5800 JavaThread "pool-1-thread-4" [_thread_blocked, id=7936, stack(0x0000000018550000,0x0000000018650000)]
  0x0000000017994800 JavaThread "pool-1-thread-3" [_thread_blocked, id=12296, stack(0x0000000018450000,0x0000000018550000)]
  0x0000000017030800 JavaThread "pool-1-thread-2" [_thread_in_native_trans, id=5508, stack(0x0000000018350000,0x0000000018450000)]
  0x0000000017030000 JavaThread "pool-2-thread-1" [_thread_blocked, id=12140, stack(0x0000000018250000,0x0000000018350000)]
  0x000000001702f800 JavaThread "pool-1-thread-1" [_thread_blocked, id=4624, stack(0x0000000018150000,0x0000000018250000)]
  0x0000000016e66000 JavaThread "Service Thread" daemon [_thread_blocked, id=7800, stack(0x0000000017750000,0x0000000017850000)]
  0x0000000016e14800 JavaThread "C1 CompilerThread3" daemon [_thread_blocked, id=4744, stack(0x0000000017650000,0x0000000017750000)]
=>0x0000000016dec000 JavaThread "C2 CompilerThread2" daemon [_thread_in_native, id=9320, stack(0x0000000017550000,0x0000000017650000)]
  0x0000000016dd0800 JavaThread "C2 CompilerThread1" daemon [_thread_in_native, id=10736, stack(0x0000000017450000,0x0000000017550000)]
  0x0000000016d85800 JavaThread "C2 CompilerThread0" daemon [_thread_in_native, id=10396, stack(0x0000000017350000,0x0000000017450000)]
  0x0000000016dcc800 JavaThread "Attach Listener" daemon [_thread_blocked, id=8824, stack(0x0000000017250000,0x0000000017350000)]
  0x0000000014d7e800 JavaThread "Signal Dispatcher" daemon [_thread_blocked, id=4404, stack(0x0000000017150000,0x0000000017250000)]
  0x0000000002249800 JavaThread "Finalizer" daemon [_thread_blocked, id=7944, stack(0x0000000016c50000,0x0000000016d50000)]
  0x0000000014d6d000 JavaThread "Reference Handler" daemon [_thread_blocked, id=10572, stack(0x0000000016b50000,0x0000000016c50000)]
  0x0000000002150800 JavaThread "main" [_thread_in_Java, id=2884, stack(0x0000000001fd0000,0x00000000020d0000)]

Other Threads:
  0x0000000014d69000 VMThread [stack: 0x0000000016a50000,0x0000000016b50000] [id=8028]
  0x0000000016e6f000 WatcherThread [stack: 0x0000000017850000,0x0000000017950000] [id=13840]

VM state:not at safepoint (normal execution)

VM Mutex/Monitor currently owned by a thread: None

Heap:
 PSYoungGen      total 38400K, used 13099K [0x00000000eab00000, 0x00000000ed580000, 0x0000000100000000)
  eden space 33280K, 24% used [0x00000000eab00000,0x00000000eb2cd830,0x00000000ecb80000)
  from space 5120K, 99% used [0x00000000ecb80000,0x00000000ed07d608,0x00000000ed080000)
  to   space 5120K, 0% used [0x00000000ed080000,0x00000000ed080000,0x00000000ed580000)
 ParOldGen       total 87552K, used 1188K [0x00000000c0000000, 0x00000000c5580000, 0x00000000eab00000)
  object space 87552K, 1% used [0x00000000c0000000,0x00000000c0129348,0x00000000c5580000)
 Metaspace       used 5962K, capacity 6896K, committed 7040K, reserved 1056768K
  class space    used 586K, capacity 616K, committed 640K, reserved 1048576K

Card table byte_map: [0x0000000011610000,0x0000000011820000] byte_map_base: 0x0000000011010000

Marking Bits: (ParMarkBitMap*) 0x0000000075a34040
 Begin Bits: [0x0000000012180000, 0x0000000013180000)
 End Bits:   [0x0000000013180000, 0x0000000014180000)

Polling page: 0x0000000000880000

CodeCache: size=245760Kb used=4837Kb max_used=4842Kb free=240922Kb
 bounds [0x0000000002250000, 0x0000000002710000, 0x0000000011250000]
 total_blobs=1490 nmethods=1219 adapters=182
 compilation: disabled (not enough contiguous free space left)

Compilation events (10 events):
Event: 3.390 Thread 0x0000000016e14800 nmethod 1177 0x00000000026db510 code [0x00000000026db6a0, 0x00000000026dba58]
Event: 3.390 Thread 0x0000000016e14800 1204       3       com.android.dx.rop.cst.CstMethodRef::<init> (7 bytes)
Event: 3.390 Thread 0x0000000016e14800 nmethod 1204 0x00000000026ec250 code [0x00000000026ec3e0, 0x00000000026ec7f8]
Event: 3.390 Thread 0x0000000016e14800 1207       3       com.android.dx.ssa.DeadCodeRemover::run (194 bytes)
Event: 3.391 Thread 0x0000000016dd0800 nmethod 1199 0x00000000026ec990 code [0x00000000026ecb20, 0x00000000026ed348]
Event: 3.391 Thread 0x0000000016dd0800 1205       4       com.android.dx.rop.code.BasicBlockList$RegCountVisitor::visitPlainInsn (6 bytes)
Event: 3.392 Thread 0x0000000016e14800 nmethod 1207 0x00000000026e9090 code [0x00000000026e9400, 0x00000000026eb188]
Event: 3.392 Thread 0x0000000016e14800 1208       3       com.android.dx.dex.file.EncodedMember::<init> (10 bytes)
Event: 3.392 Thread 0x0000000016e14800 nmethod 1208 0x00000000026d1910 code [0x00000000026d1a60, 0x00000000026d1c10]
Event: 3.392 Thread 0x0000000016e14800 1209       3       com.android.dx.cf.code.Simulator$SimVisitor::visitNoArgs (2108 bytes)

GC Heap History (2 events):
Event: 2.944 GC heap before
{Heap before GC invocations=1 (full 0):
 PSYoungGen      total 38400K, used 33280K [0x00000000eab00000, 0x00000000ed580000, 0x0000000100000000)
  eden space 33280K, 100% used [0x00000000eab00000,0x00000000ecb80000,0x00000000ecb80000)
  from space 5120K, 0% used [0x00000000ed080000,0x00000000ed080000,0x00000000ed580000)
  to   space 5120K, 0% used [0x00000000ecb80000,0x00000000ecb80000,0x00000000ed080000)
 ParOldGen       total 87552K, used 0K [0x00000000c0000000, 0x00000000c5580000, 0x00000000eab00000)
  object space 87552K, 0% used [0x00000000c0000000,0x00000000c0000000,0x00000000c5580000)
 Metaspace       used 5892K, capacity 6832K, committed 7040K, reserved 1056768K
  class space    used 586K, capacity 616K, committed 640K, reserved 1048576K
Event: 3.249 GC heap after
Heap after GC invocations=1 (full 0):
 PSYoungGen      total 38400K, used 5109K [0x00000000eab00000, 0x00000000ed580000, 0x0000000100000000)
  eden space 33280K, 0% used [0x00000000eab00000,0x00000000eab00000,0x00000000ecb80000)
  from space 5120K, 99% used [0x00000000ecb80000,0x00000000ed07d608,0x00000000ed080000)
  to   space 5120K, 0% used [0x00000000ed080000,0x00000000ed080000,0x00000000ed580000)
 ParOldGen       total 87552K, used 1188K [0x00000000c0000000, 0x00000000c5580000, 0x00000000eab00000)
  object space 87552K, 1% used [0x00000000c0000000,0x00000000c0129348,0x00000000c5580000)
 Metaspace       used 5892K, capacity 6832K, committed 7040K, reserved 1056768K
  class space    used 586K, capacity 616K, committed 640K, reserved 1048576K
}

Deoptimization events (8 events):
Event: 1.757 Thread 0x0000000017994800 Uncommon trap: reason=unstable_if action=reinterpret pc=0x000000000249b844 method=java.util.HashMap.getNode(ILjava/lang/Object;)Ljava/util/HashMap$Node; @ 62
Event: 2.176 Thread 0x00000000170d5800 Uncommon trap: reason=unstable_if action=reinterpret pc=0x00000000024ceff0 method=java.util.BitSet.nextSetBit(I)I @ 87
Event: 2.424 Thread 0x0000000002150800 Uncommon trap: reason=class_check action=maybe_recompile pc=0x000000000252e328 method=com.android.dx.ssa.NormalSsaInsn.accept(Lcom/android/dx/ssa/SsaInsn$Visitor;)V @ 9
Event: 2.424 Thread 0x0000000002150800 Uncommon trap: reason=class_check action=maybe_recompile pc=0x000000000255d5a4 method=com.android.dx.ssa.NormalSsaInsn.accept(Lcom/android/dx/ssa/SsaInsn$Visitor;)V @ 9
Event: 2.424 Thread 0x0000000002150800 Uncommon trap: reason=class_check action=maybe_recompile pc=0x000000000255d5a4 method=com.android.dx.ssa.NormalSsaInsn.accept(Lcom/android/dx/ssa/SsaInsn$Visitor;)V @ 9
Event: 2.424 Thread 0x0000000002150800 Uncommon trap: reason=class_check action=maybe_recompile pc=0x000000000255d5a4 method=com.android.dx.ssa.NormalSsaInsn.accept(Lcom/android/dx/ssa/SsaInsn$Visitor;)V @ 9
Event: 2.432 Thread 0x0000000002150800 Uncommon trap: reason=class_check action=maybe_recompile pc=0x000000000252e328 method=com.android.dx.ssa.NormalSsaInsn.accept(Lcom/android/dx/ssa/SsaInsn$Visitor;)V @ 9
Event: 2.654 Thread 0x000000001702f800 Uncommon trap: reason=unstable_if action=reinterpret pc=0x0000000002632d1c method=com.android.dx.rop.code.RegisterSpecSet.put(Lcom/android/dx/rop/code/RegisterSpec;)V @ 77

Internal exceptions (2 events):
Event: 0.098 Thread 0x0000000002150800 Exception <a 'java/lang/NoSuchMethodError': Method sun.misc.Unsafe.defineClass(Ljava/lang/String;[BII)Ljava/lang/Class; name or signature does not match> (0x00000000eab12f38) thrown at [C:\re\workspace\8-2-build-windows-amd64-cygwin\jdk8u45\3457\hotspot\srï¢D|q3¹?
Event: 0.098 Thread 0x0000000002150800 Exception <a 'java/lang/NoSuchMethodError': Method sun.misc.Unsafe.prefetchRead(Ljava/lang/Object;J)V name or signature does not match> (0x00000000eab131c8) thrown at [C:\re\workspace\8-2-build-windows-amd64-cygwin\jdk8u45\3457\hotspot\src\share\vm\prims\j

Events (10 events):
Event: 2.651 Thread 0x00000000170d5800 DEOPT UNPACKING pc=0x000000000229747f sp=0x000000001864eb98 mode 0
Event: 2.654 Thread 0x000000001702f800 Uncommon trap: trap_request=0xffffff65 fr.pc=0x0000000002632d1c
Event: 2.654 Thread 0x000000001702f800 DEOPT PACKING pc=0x0000000002632d1c sp=0x000000001824e5e0
Event: 2.654 Thread 0x000000001702f800 DEOPT UNPACKING pc=0x000000000229582a sp=0x000000001824e500 mode 2
Event: 2.811 Executing VM operation: ForceSafepoint
Event: 2.845 Executing VM operation: ForceSafepoint done
Event: 2.932 Thread 0x000000001702f800 DEOPT PACKING pc=0x00000000024f913a sp=0x000000001824e530
Event: 2.932 Thread 0x000000001702f800 DEOPT UNPACKING pc=0x000000000229747f sp=0x000000001824e298 mode 0
Event: 2.944 Executing VM operation: ParallelGCFailedAllocation
Event: 3.249 Executing VM operation: ParallelGCFailedAllocation done


Dynamic libraries:
0x00007ff70fa50000 - 0x00007ff70fa87000 	C:\Program Files\Java\jdk1.8.0_45\bin\java.exe
0x00007ffc60a80000 - 0x00007ffc60c2c000 	C:\Windows\SYSTEM32\ntdll.dll
0x00007ffc606e0000 - 0x00007ffc6081e000 	C:\Windows\system32\KERNEL32.DLL
0x00007ffc5dd50000 - 0x00007ffc5de65000 	C:\Windows\system32\KERNELBASE.dll
0x00007ffc5c770000 - 0x00007ffc5c7fe000 	C:\Windows\system32\apphelp.dll
0x00007ffc595d0000 - 0x00007ffc59623000 	C:\Windows\AppPatch\AppPatch64\AcGenral.DLL
0x00007ffc5e250000 - 0x00007ffc5e2fa000 	C:\Windows\system32\msvcrt.dll
0x00007ffc5db90000 - 0x00007ffc5dbbe000 	C:\Windows\SYSTEM32\SspiCli.dll
0x00007ffc60620000 - 0x00007ffc60674000 	C:\Windows\system32\SHLWAPI.dll
0x00007ffc602e0000 - 0x00007ffc60457000 	C:\Windows\system32\USER32.dll
0x00007ffc5fe90000 - 0x00007ffc60024000 	C:\Windows\system32\ole32.dll
0x00007ffc5e900000 - 0x00007ffc5fe2b000 	C:\Windows\system32\SHELL32.dll
0x00007ffc5d420000 - 0x00007ffc5d441000 	C:\Windows\SYSTEM32\USERENV.dll
0x00007ffc609d0000 - 0x00007ffc60a7a000 	C:\Windows\system32\ADVAPI32.dll
0x00007ffc554a0000 - 0x00007ffc554be000 	C:\Windows\SYSTEM32\MPR.dll
0x00007ffc5e100000 - 0x00007ffc5e241000 	C:\Windows\system32\RPCRT4.dll
0x00007ffc5e310000 - 0x00007ffc5e369000 	C:\Windows\SYSTEM32\sechost.dll
0x00007ffc5e4a0000 - 0x00007ffc5e6b1000 	C:\Windows\SYSTEM32\combase.dll
0x00007ffc5e790000 - 0x00007ffc5e8df000 	C:\Windows\system32\GDI32.dll
0x00007ffc5dbd0000 - 0x00007ffc5dbe5000 	C:\Windows\SYSTEM32\profapi.dll
0x00007ffc5c120000 - 0x00007ffc5c1d2000 	C:\Windows\SYSTEM32\SHCORE.dll
0x00007ffc605c0000 - 0x00007ffc605f6000 	C:\Windows\system32\IMM32.DLL
0x00007ffc60460000 - 0x00007ffc605b2000 	C:\Windows\system32\MSCTF.dll
0x00007ffc5bac0000 - 0x00007ffc5bd3b000 	C:\Windows\WinSxS\amd64_microsoft.windows.common-controls_6595b64144ccf1df_6.0.9600.18006_none_623f33d3ecbe86e8\COMCTL32.dll
0x0000000074e50000 - 0x0000000074f22000 	C:\Program Files\Java\jdk1.8.0_45\jre\bin\msvcr100.dll
0x0000000075230000 - 0x0000000075ab3000 	C:\Program Files\Java\jdk1.8.0_45\jre\bin\server\jvm.dll
0x00007ffc5be20000 - 0x00007ffc5be29000 	C:\Windows\SYSTEM32\WSOCK32.dll
0x00007ffc5a150000 - 0x00007ffc5a172000 	C:\Windows\SYSTEM32\WINMM.dll
0x00007ffc5bd40000 - 0x00007ffc5bd4a000 	C:\Windows\SYSTEM32\VERSION.dll
0x00007ffc5e8f0000 - 0x00007ffc5e8f7000 	C:\Windows\system32\PSAPI.DLL
0x00007ffc5fe30000 - 0x00007ffc5fe8a000 	C:\Windows\system32\WS2_32.dll
0x00007ffc59de0000 - 0x00007ffc59e0a000 	C:\Windows\SYSTEM32\WINMMBASE.dll
0x00007ffc5e780000 - 0x00007ffc5e789000 	C:\Windows\system32\NSI.dll
0x00007ffc5dca0000 - 0x00007ffc5dcef000 	C:\Windows\SYSTEM32\cfgmgr32.dll
0x00007ffc5c9d0000 - 0x00007ffc5c9f8000 	C:\Windows\SYSTEM32\DEVOBJ.dll
0x0000000076560000 - 0x000000007656f000 	C:\Program Files\Java\jdk1.8.0_45\jre\bin\verify.dll
0x0000000076530000 - 0x0000000076559000 	C:\Program Files\Java\jdk1.8.0_45\jre\bin\java.dll
0x0000000075c70000 - 0x0000000075c86000 	C:\Program Files\Java\jdk1.8.0_45\jre\bin\zip.dll
0x00007ffc424d0000 - 0x00007ffc42659000 	C:\Windows\SYSTEM32\dbghelp.dll

VM Arguments:
jvm_args: -Djava.awt.headless=true -Xmx1024M -Dfile.encoding=x-windows-874 -Duser.country=US -Duser.language=en -Duser.variant 
java_command: com.android.dx.command.Main --dex --num-threads=4 --output C:\Users\Tossapon\project2\StadiumFinder-Android\app\build\intermediates\pre-dexed\debug\com.google.android.gms-play-services-fitness-7.8.0_df48e9fb2c384a05dfc79320d7a1b1fc04353a44.jar C:\Users\Tossapon\project2\StadiumFinder-Android\app\build\intermediates\exploded-aar\com.google.android.gms\play-services-fitness\7.8.0\jars\classes.jar
java_class_path (initial): C:\Users\Tossapon\AppData\Local\Android\sdk\build-tools\23.0.2\lib\dx.jar
Launcher Type: SUN_STANDARD

Environment Variables:
PATH=C:\ProgramData\Oracle\Java\javapath;C:\Windows\system32;C:\Windows;C:\Windows\System32\Wbem;C:\Windows\System32\WindowsPowerShell\v1.0\;c:\Go\bin;C:\Program Files\MongoDB\Server\3.0\bin;C:\Program Files (x86)\Git\bin;C:\MinGW\bin;C:\Program Files\nodejs\;C:\Program Files\Java\jdk1.8.0_45\bin;C:\php;C:\ProgramData\ComposerSetup\bin;C:\Users\Tossapon\AppData\Roaming\Composer\vendor\bin;C:\mysql-5.6.27-winx64\bin;C:\php;C:\Program Files (x86)\NVIDIA Corporation\PhysX\Common;C:\Program Files (x86)\Microsoft Emulator Manager\1.0\;C:\Users\Tossapon\AppData\Local\Android\sdk\platform-tools;C:\Program Files (x86)\Nmap
USERNAME=Tossapon
OS=Windows_NT
PROCESSOR_IDENTIFIER=AMD64 Family 21 Model 1 Stepping 2, AuthenticAMD



---------------  S Y S T E M  ---------------

OS: Windows 8.1 , 64 bit Build 9600 (6.3.9600.17415)

CPU:total 8 (8 cores per cpu, 1 threads per core) family 21 model 1 stepping 2, cmov, cx8, fxsr, mmx, sse, sse2, sse3, ssse3, sse4.1, sse4.2, popcnt, avx, aes, clmul, mmxext, 3dnowpref, lzcnt, sse4a, tsc, tscinvbit, tscinv

Memory: 4k page, physical 8335664k(618976k free), swap 17771680k(8332k free)

vm_info: Java HotSpot(TM) 64-Bit Server VM (25.45-b02) for windows-amd64 JRE (1.8.0_45-b14), built on Apr 10 2015 10:34:15 by "java_re" with MS VC++ 10.0 (VS2010)

time: Sun Dec 20 16:26:55 2015
elapsed time: 3 seconds (0d 0h 0m 3s)

