#
# There is insufficient memory for the Java Runtime Environment to continue.
# Native memory allocation (malloc) failed to allocate 380096 bytes for Chunk::new
# Possible reasons:
#   The system is out of physical RAM or swap space
#   In 32 bit mode, the process size limit was hit
# Possible solutions:
#   Reduce memory load on the system
#   Increase physical memory or swap space
#   Check if swap backing store is full
#   Use 64 bit Java on a 64 bit OS
#   Decrease Java heap size (-Xmx/-Xms)
#   Decrease number of Java threads
#   Decrease Java thread stack sizes (-Xss)
#   Set larger code cache with -XX:ReservedCodeCacheSize=
# This output file may be truncated or incomplete.
#
#  Out of Memory Error (allocation.cpp:390), pid=1308, tid=8648
#
# JRE version: Java(TM) SE Runtime Environment (8.0_45-b14) (build 1.8.0_45-b14)
# Java VM: Java HotSpot(TM) 64-Bit Server VM (25.45-b02 mixed mode windows-amd64 compressed oops)
# Failed to write core dump. Minidumps are not enabled by default on client versions of Windows
#

---------------  T H R E A D  ---------------

Current thread (0x0000000016e0e800):  JavaThread "C2 CompilerThread0" daemon [_thread_in_native, id=8648, stack(0x00000000173e0000,0x00000000174e0000)]

Stack: [0x00000000173e0000,0x00000000174e0000]
Native frames: (J=compiled Java code, j=interpreted, Vv=VM code, C=native code)
V  [jvm.dll+0x32b57a]


Current CompileTask:
C2:   3278  765       4       com.android.dx.ssa.NormalSsaInsn::accept (25 bytes)


---------------  P R O C E S S  ---------------

Java Threads: ( => current thread )
  0x00000000170f4000 JavaThread "pool-1-thread-4" [_thread_in_Java, id=13260, stack(0x0000000017de0000,0x0000000017ee0000)]
  0x00000000170ec000 JavaThread "pool-1-thread-3" [_thread_in_Java, id=5268, stack(0x0000000017ce0000,0x0000000017de0000)]
  0x00000000170e5800 JavaThread "pool-1-thread-2" [_thread_in_vm, id=10556, stack(0x0000000017be0000,0x0000000017ce0000)]
  0x00000000170de000 JavaThread "pool-2-thread-1" [_thread_blocked, id=11272, stack(0x0000000017ae0000,0x0000000017be0000)]
  0x00000000170d7800 JavaThread "pool-1-thread-1" [_thread_in_Java, id=11980, stack(0x00000000179e0000,0x0000000017ae0000)]
  0x0000000016ec0800 JavaThread "Service Thread" daemon [_thread_blocked, id=8308, stack(0x00000000177e0000,0x00000000178e0000)]
  0x0000000016eb7800 JavaThread "C1 CompilerThread3" daemon [_thread_in_native, id=12952, stack(0x00000000176e0000,0x00000000177e0000)]
  0x0000000016eb3800 JavaThread "C2 CompilerThread2" daemon [_thread_in_native, id=10652, stack(0x00000000175e0000,0x00000000176e0000)]
  0x0000000016eb2800 JavaThread "C2 CompilerThread1" daemon [_thread_in_native, id=1988, stack(0x00000000174e0000,0x00000000175e0000)]
=>0x0000000016e0e800 JavaThread "C2 CompilerThread0" daemon [_thread_in_native, id=8648, stack(0x00000000173e0000,0x00000000174e0000)]
  0x0000000016e0b800 JavaThread "Attach Listener" daemon [_thread_blocked, id=8068, stack(0x00000000172e0000,0x00000000173e0000)]
  0x0000000016e5c800 JavaThread "Signal Dispatcher" daemon [_thread_blocked, id=10324, stack(0x00000000171e0000,0x00000000172e0000)]
  0x00000000022e3000 JavaThread "Finalizer" daemon [_thread_blocked, id=10636, stack(0x0000000016ce0000,0x0000000016de0000)]
  0x00000000022e2000 JavaThread "Reference Handler" daemon [_thread_blocked, id=8816, stack(0x0000000016be0000,0x0000000016ce0000)]
  0x00000000021f0800 JavaThread "main" [_thread_in_Java, id=11496, stack(0x00000000020f0000,0x00000000021f0000)]

Other Threads:
  0x0000000014e09800 VMThread [stack: 0x0000000016ae0000,0x0000000016be0000] [id=2824]
  0x0000000016ec5000 WatcherThread [stack: 0x00000000178e0000,0x00000000179e0000] [id=7620]

VM state:not at safepoint (normal execution)

VM Mutex/Monitor currently owned by a thread: None

Heap:
 PSYoungGen      total 38400K, used 27312K [0x00000000eab00000, 0x00000000ed580000, 0x0000000100000000)
  eden space 33280K, 82% used [0x00000000eab00000,0x00000000ec5ac0f0,0x00000000ecb80000)
  from space 5120K, 0% used [0x00000000ed080000,0x00000000ed080000,0x00000000ed580000)
  to   space 5120K, 0% used [0x00000000ecb80000,0x00000000ecb80000,0x00000000ed080000)
 ParOldGen       total 87552K, used 0K [0x00000000c0000000, 0x00000000c5580000, 0x00000000eab00000)
  object space 87552K, 0% used [0x00000000c0000000,0x00000000c0000000,0x00000000c5580000)
 Metaspace       used 5661K, capacity 6576K, committed 6784K, reserved 1056768K
  class space    used 587K, capacity 616K, committed 640K, reserved 1048576K

Card table byte_map: [0x00000000116b0000,0x00000000118c0000] byte_map_base: 0x00000000110b0000

Marking Bits: (ParMarkBitMap*) 0x0000000075a34040
 Begin Bits: [0x0000000012220000, 0x0000000013220000)
 End Bits:   [0x0000000013220000, 0x0000000014220000)

Polling page: 0x0000000002010000

CodeCache: size=245760Kb used=3023Kb max_used=3033Kb free=242736Kb
 bounds [0x00000000022f0000, 0x00000000025f0000, 0x00000000112f0000]
 total_blobs=1069 nmethods=801 adapters=182
 compilation: enabled

Compilation events (10 events):
Event: 3.262 Thread 0x0000000016eb7800 nmethod 782 0x00000000025c1590 code [0x00000000025c1700, 0x00000000025c18a8]
Event: 3.262 Thread 0x0000000016eb7800  729       3       com.android.dx.ssa.LiteralOpUpgrader$1::visitNonMoveInsn (203 bytes)
Event: 3.263 Thread 0x0000000016eb2800  783       4       com.android.dx.ssa.NormalSsaInsn::isNormalMoveInsn (20 bytes)
Event: 3.264 Thread 0x0000000016eb2800 nmethod 783 0x00000000025c1310 code [0x00000000025c1440, 0x00000000025c14d8]
Event: 3.265 Thread 0x0000000016eb2800  791       4       com.android.dx.rop.code.RegisterSpec::hashCodeOf (30 bytes)
Event: 3.265 Thread 0x0000000016eb3800  792       4       com.android.dx.rop.code.RegisterSpec::equals (51 bytes)
Event: 3.265 Thread 0x0000000016eb7800 nmethod 729 0x00000000025cf390 code [0x00000000025cf860, 0x00000000025d3468]
Event: 3.265 Thread 0x0000000016eb7800  784       3       java.util.TreeMap::getEntry (84 bytes)
Event: 3.266 Thread 0x0000000016eb7800 nmethod 784 0x00000000025ce950 code [0x00000000025ceb00, 0x00000000025cf188]
Event: 3.266 Thread 0x0000000016eb7800  790       3       com.android.dx.rop.cst.CstMemberRef::compareTo0 (49 bytes)

GC Heap History (0 events):
No events

Deoptimization events (1 events):
Event: 3.206 Thread 0x00000000170f4000 Uncommon trap: reason=unstable_if action=reinterpret pc=0x0000000002554730 method=java.util.HashMap.getNode(ILjava/lang/Object;)Ljava/util/HashMap$Node; @ 129

Internal exceptions (2 events):
Event: 0.132 Thread 0x00000000021f0800 Exception <a 'java/lang/NoSuchMethodError': Method sun.misc.Unsafe.defineClass(Ljava/lang/String;[BII)Ljava/lang/Class; name or signature does not match> (0x00000000eab12f38) thrown at [C:\re\workspace\8-2-build-windows-amd64-cygwin\jdk8u45\3457\hotspot\srºVký¼æÀ?
Event: 0.132 Thread 0x00000000021f0800 Exception <a 'java/lang/NoSuchMethodError': Method sun.misc.Unsafe.prefetchRead(Ljava/lang/Object;J)V name or signature does not match> (0x00000000eab131c8) thrown at [C:\re\workspace\8-2-build-windows-amd64-cygwin\jdk8u45\3457\hotspot\src\share\vm\prims\j

Events (10 events):
Event: 3.216 loading class com/android/dx/ssa/PhiInsn$Operand
Event: 3.216 loading class com/android/dx/ssa/PhiInsn$Operand done
Event: 3.229 loading class java/util/TreeMap$EntrySet
Event: 3.229 loading class java/util/TreeMap$EntrySet done
Event: 3.230 loading class java/util/TreeMap$EntryIterator
Event: 3.230 loading class java/util/TreeMap$EntryIterator done
Event: 3.230 loading class com/android/dx/ssa/back/FirstFitLocalCombiningAllocator$Multiset
Event: 3.230 loading class com/android/dx/ssa/back/FirstFitLocalCombiningAllocator$Multiset done
Event: 3.236 loading class java/util/DualPivotQuicksort
Event: 3.237 loading class java/util/DualPivotQuicksort done


Dynamic libraries:
0x00007ff70fa50000 - 0x00007ff70fa87000 	C:\Program Files\Java\jdk1.8.0_45\bin\java.exe
0x00007ffc60a80000 - 0x00007ffc60c2c000 	C:\Windows\SYSTEM32\ntdll.dll
0x00007ffc606e0000 - 0x00007ffc6081e000 	C:\Windows\system32\KERNEL32.DLL
0x00007ffc5dd50000 - 0x00007ffc5de65000 	C:\Windows\system32\KERNELBASE.dll
0x00007ffc5c770000 - 0x00007ffc5c7fe000 	C:\Windows\system32\apphelp.dll
0x00007ffc595d0000 - 0x00007ffc59623000 	C:\Windows\AppPatch\AppPatch64\AcGenral.DLL
0x00007ffc5e250000 - 0x00007ffc5e2fa000 	C:\Windows\system32\msvcrt.dll
0x00007ffc5db90000 - 0x00007ffc5dbbe000 	C:\Windows\SYSTEM32\SspiCli.dll
0x00007ffc60620000 - 0x00007ffc60674000 	C:\Windows\system32\SHLWAPI.dll
0x00007ffc602e0000 - 0x00007ffc60457000 	C:\Windows\system32\USER32.dll
0x00007ffc5fe90000 - 0x00007ffc60024000 	C:\Windows\system32\ole32.dll
0x00007ffc5e900000 - 0x00007ffc5fe2b000 	C:\Windows\system32\SHELL32.dll
0x00007ffc5d420000 - 0x00007ffc5d441000 	C:\Windows\SYSTEM32\USERENV.dll
0x00007ffc609d0000 - 0x00007ffc60a7a000 	C:\Windows\system32\ADVAPI32.dll
0x00007ffc554a0000 - 0x00007ffc554be000 	C:\Windows\SYSTEM32\MPR.dll
0x00007ffc5e100000 - 0x00007ffc5e241000 	C:\Windows\system32\RPCRT4.dll
0x00007ffc5e310000 - 0x00007ffc5e369000 	C:\Windows\SYSTEM32\sechost.dll
0x00007ffc5e4a0000 - 0x00007ffc5e6b1000 	C:\Windows\SYSTEM32\combase.dll
0x00007ffc5e790000 - 0x00007ffc5e8df000 	C:\Windows\system32\GDI32.dll
0x00007ffc5dbd0000 - 0x00007ffc5dbe5000 	C:\Windows\SYSTEM32\profapi.dll
0x00007ffc5c120000 - 0x00007ffc5c1d2000 	C:\Windows\SYSTEM32\SHCORE.dll
0x00007ffc605c0000 - 0x00007ffc605f6000 	C:\Windows\system32\IMM32.DLL
0x00007ffc60460000 - 0x00007ffc605b2000 	C:\Windows\system32\MSCTF.dll
0x00007ffc5bac0000 - 0x00007ffc5bd3b000 	C:\Windows\WinSxS\amd64_microsoft.windows.common-controls_6595b64144ccf1df_6.0.9600.18006_none_623f33d3ecbe86e8\COMCTL32.dll
0x0000000074e50000 - 0x0000000074f22000 	C:\Program Files\Java\jdk1.8.0_45\jre\bin\msvcr100.dll
0x0000000075230000 - 0x0000000075ab3000 	C:\Program Files\Java\jdk1.8.0_45\jre\bin\server\jvm.dll
0x00007ffc5be20000 - 0x00007ffc5be29000 	C:\Windows\SYSTEM32\WSOCK32.dll
0x00007ffc5a150000 - 0x00007ffc5a172000 	C:\Windows\SYSTEM32\WINMM.dll
0x00007ffc5bd40000 - 0x00007ffc5bd4a000 	C:\Windows\SYSTEM32\VERSION.dll
0x00007ffc5e8f0000 - 0x00007ffc5e8f7000 	C:\Windows\system32\PSAPI.DLL
0x00007ffc5fe30000 - 0x00007ffc5fe8a000 	C:\Windows\system32\WS2_32.dll
0x00007ffc59de0000 - 0x00007ffc59e0a000 	C:\Windows\SYSTEM32\WINMMBASE.dll
0x00007ffc5e780000 - 0x00007ffc5e789000 	C:\Windows\system32\NSI.dll
0x00007ffc5dca0000 - 0x00007ffc5dcef000 	C:\Windows\SYSTEM32\cfgmgr32.dll
0x00007ffc5c9d0000 - 0x00007ffc5c9f8000 	C:\Windows\SYSTEM32\DEVOBJ.dll
0x0000000076560000 - 0x000000007656f000 	C:\Program Files\Java\jdk1.8.0_45\jre\bin\verify.dll
0x0000000076530000 - 0x0000000076559000 	C:\Program Files\Java\jdk1.8.0_45\jre\bin\java.dll
0x0000000075c70000 - 0x0000000075c86000 	C:\Program Files\Java\jdk1.8.0_45\jre\bin\zip.dll
0x00007ffc424d0000 - 0x00007ffc42659000 	C:\Windows\SYSTEM32\dbghelp.dll

VM Arguments:
jvm_args: -Djava.awt.headless=true -Xmx1024M -Dfile.encoding=x-windows-874 -Duser.country=US -Duser.language=en -Duser.variant 
java_command: com.android.dx.command.Main --dex --num-threads=4 --output C:\Users\Tossapon\project2\StadiumFinder-Android\app\build\intermediates\pre-dexed\debug\com.google.android.gms-play-services-games-7.8.0_81220910b0a3570c5e90f206e397fc139f6dc503.jar C:\Users\Tossapon\project2\StadiumFinder-Android\app\build\intermediates\exploded-aar\com.google.android.gms\play-services-games\7.8.0\jars\classes.jar
java_class_path (initial): C:\Users\Tossapon\AppData\Local\Android\sdk\build-tools\23.0.2\lib\dx.jar
Launcher Type: SUN_STANDARD

Environment Variables:
PATH=C:\ProgramData\Oracle\Java\javapath;C:\Windows\system32;C:\Windows;C:\Windows\System32\Wbem;C:\Windows\System32\WindowsPowerShell\v1.0\;c:\Go\bin;C:\Program Files\MongoDB\Server\3.0\bin;C:\Program Files (x86)\Git\bin;C:\MinGW\bin;C:\Program Files\nodejs\;C:\Program Files\Java\jdk1.8.0_45\bin;C:\php;C:\ProgramData\ComposerSetup\bin;C:\Users\Tossapon\AppData\Roaming\Composer\vendor\bin;C:\mysql-5.6.27-winx64\bin;C:\php;C:\Program Files (x86)\NVIDIA Corporation\PhysX\Common;C:\Program Files (x86)\Microsoft Emulator Manager\1.0\;C:\Users\Tossapon\AppData\Local\Android\sdk\platform-tools;C:\Program Files (x86)\Nmap
USERNAME=Tossapon
OS=Windows_NT
PROCESSOR_IDENTIFIER=AMD64 Family 21 Model 1 Stepping 2, AuthenticAMD



---------------  S Y S T E M  ---------------

OS: Windows 8.1 , 64 bit Build 9600 (6.3.9600.17415)

CPU:total 8 (8 cores per cpu, 1 threads per core) family 21 model 1 stepping 2, cmov, cx8, fxsr, mmx, sse, sse2, sse3, ssse3, sse4.1, sse4.2, popcnt, avx, aes, clmul, mmxext, 3dnowpref, lzcnt, sse4a, tsc, tscinvbit, tscinv

Memory: 4k page, physical 8335664k(610300k free), swap 17771680k(5128k free)

vm_info: Java HotSpot(TM) 64-Bit Server VM (25.45-b02) for windows-amd64 JRE (1.8.0_45-b14), built on Apr 10 2015 10:34:15 by "java_re" with MS VC++ 10.0 (VS2010)

time: Sun Dec 20 16:26:37 2015
elapsed time: 3 seconds (0d 0h 0m 3s)

