#
# There is insufficient memory for the Java Runtime Environment to continue.
# Native memory allocation (malloc) failed to allocate 414864 bytes for Chunk::new
# Possible reasons:
#   The system is out of physical RAM or swap space
#   In 32 bit mode, the process size limit was hit
# Possible solutions:
#   Reduce memory load on the system
#   Increase physical memory or swap space
#   Check if swap backing store is full
#   Use 64 bit Java on a 64 bit OS
#   Decrease Java heap size (-Xmx/-Xms)
#   Decrease number of Java threads
#   Decrease Java thread stack sizes (-Xss)
#   Set larger code cache with -XX:ReservedCodeCacheSize=
# This output file may be truncated or incomplete.
#
#  Out of Memory Error (allocation.cpp:390), pid=13344, tid=5740
#
# JRE version: Java(TM) SE Runtime Environment (8.0_45-b14) (build 1.8.0_45-b14)
# Java VM: Java HotSpot(TM) 64-Bit Server VM (25.45-b02 mixed mode windows-amd64 compressed oops)
# Failed to write core dump. Minidumps are not enabled by default on client versions of Windows
#

---------------  T H R E A D  ---------------

Current thread (0x0000000016c84000):  JavaThread "C2 CompilerThread2" daemon [_thread_in_native, id=5740, stack(0x00000000173b0000,0x00000000174b0000)]

Stack: [0x00000000173b0000,0x00000000174b0000]
Native frames: (J=compiled Java code, j=interpreted, Vv=VM code, C=native code)
V  [jvm.dll+0x32b57a]


Current CompileTask:
C2:   3878 1188       4       com.android.dx.ssa.SCCP::simulateStmt (481 bytes)


---------------  P R O C E S S  ---------------

Java Threads: ( => current thread )
  0x0000000016e94000 JavaThread "pool-1-thread-4" [_thread_in_Java, id=11276, stack(0x00000000183b0000,0x00000000184b0000)]
  0x0000000016e90800 JavaThread "pool-1-thread-3" [_thread_in_vm, id=11656, stack(0x00000000182b0000,0x00000000183b0000)]
  0x0000000016e8f800 JavaThread "pool-1-thread-2" [_thread_in_Java, id=13996, stack(0x00000000181b0000,0x00000000182b0000)]
  0x0000000016eab000 JavaThread "pool-2-thread-1" [_thread_blocked, id=11480, stack(0x00000000180b0000,0x00000000181b0000)]
  0x0000000016e9f000 JavaThread "pool-1-thread-1" [_thread_in_Java, id=5148, stack(0x0000000017fb0000,0x00000000180b0000)]
  0x0000000016c8f800 JavaThread "Service Thread" daemon [_thread_blocked, id=6768, stack(0x00000000175b0000,0x00000000176b0000)]
  0x0000000016c87800 JavaThread "C1 CompilerThread3" daemon [_thread_in_vm, id=8176, stack(0x00000000174b0000,0x00000000175b0000)]
=>0x0000000016c84000 JavaThread "C2 CompilerThread2" daemon [_thread_in_native, id=5740, stack(0x00000000173b0000,0x00000000174b0000)]
  0x0000000016c7d000 JavaThread "C2 CompilerThread1" daemon [_thread_blocked, id=8944, stack(0x00000000172b0000,0x00000000173b0000)]
  0x0000000016bde800 JavaThread "C2 CompilerThread0" daemon [_thread_in_native, id=12388, stack(0x00000000171b0000,0x00000000172b0000)]
  0x0000000016bdb800 JavaThread "Attach Listener" daemon [_thread_blocked, id=9796, stack(0x00000000170b0000,0x00000000171b0000)]
  0x0000000016c2c800 JavaThread "Signal Dispatcher" daemon [_thread_blocked, id=2868, stack(0x0000000016fb0000,0x00000000170b0000)]
  0x00000000020a9000 JavaThread "Finalizer" daemon [_thread_blocked, id=1372, stack(0x0000000016ab0000,0x0000000016bb0000)]
  0x00000000020a2000 JavaThread "Reference Handler" daemon [_thread_blocked, id=14196, stack(0x00000000169b0000,0x0000000016ab0000)]
  0x0000000001fb0800 JavaThread "main" [_thread_in_Java, id=2948, stack(0x0000000001dc0000,0x0000000001ec0000)]

Other Threads:
  0x0000000014bc9800 VMThread [stack: 0x00000000168b0000,0x00000000169b0000] [id=8464]
  0x0000000016c94000 WatcherThread [stack: 0x00000000176b0000,0x00000000177b0000] [id=10608]

VM state:not at safepoint (normal execution)

VM Mutex/Monitor currently owned by a thread: None

Heap:
 PSYoungGen      total 38400K, used 9310K [0x00000000eab00000, 0x00000000ed580000, 0x0000000100000000)
  eden space 33280K, 12% used [0x00000000eab00000,0x00000000eaf1ba98,0x00000000ecb80000)
  from space 5120K, 99% used [0x00000000ecb80000,0x00000000ed07c070,0x00000000ed080000)
  to   space 5120K, 0% used [0x00000000ed080000,0x00000000ed080000,0x00000000ed580000)
 ParOldGen       total 87552K, used 1768K [0x00000000c0000000, 0x00000000c5580000, 0x00000000eab00000)
  object space 87552K, 2% used [0x00000000c0000000,0x00000000c01ba0f0,0x00000000c5580000)
 Metaspace       used 6013K, capacity 6960K, committed 7040K, reserved 1056768K
  class space    used 593K, capacity 616K, committed 640K, reserved 1048576K

Card table byte_map: [0x0000000011470000,0x0000000011680000] byte_map_base: 0x0000000010e70000

Marking Bits: (ParMarkBitMap*) 0x0000000075a34040
 Begin Bits: [0x0000000011fe0000, 0x0000000012fe0000)
 End Bits:   [0x0000000012fe0000, 0x0000000013fe0000)

Polling page: 0x0000000000600000

CodeCache: size=245760Kb used=4883Kb max_used=4894Kb free=240876Kb
 bounds [0x00000000020b0000, 0x0000000002580000, 0x00000000110b0000]
 total_blobs=1515 nmethods=1246 adapters=182
 compilation: disabled (not enough contiguous free space left)

Compilation events (10 events):
Event: 3.178 Thread 0x0000000016c7d000 1241       4       com.android.dx.rop.code.LocalItem::compareTo (32 bytes)
Event: 3.854 Thread 0x0000000016bde800 1255       4       com.android.dx.rop.code.BasicBlock::getLastInsn (8 bytes)
Event: 3.855 Thread 0x0000000016bde800 nmethod 1255 0x000000000256cf10 code [0x000000000256d060, 0x000000000256d158]
Event: 3.855 Thread 0x0000000016bde800 1261       4       com.android.dx.rop.code.RegisterSpec$ForComparison::equals (31 bytes)
Event: 3.860 Thread 0x0000000016bde800 nmethod 1261 0x0000000002576dd0 code [0x0000000002576f40, 0x0000000002577458]
Event: 3.860 Thread 0x0000000016bde800 1266       4       com.android.dx.rop.code.ThrowingCstInsn::<init> (51 bytes)
Event: 3.861 Thread 0x0000000016bde800 nmethod 1266 0x0000000002570d90 code [0x0000000002570ee0, 0x0000000002571098]
Event: 3.861 Thread 0x0000000016bde800 1270       4       com.android.dx.ssa.MoveParamCombiner$1::visitNonMoveInsn (213 bytes)
Event: 3.864 Thread 0x0000000016bde800 nmethod 1270 0x000000000256c8d0 code [0x000000000256ca20, 0x000000000256cbb8]
Event: 3.864 Thread 0x0000000016bde800 1271       4       com.android.dx.rop.code.RopMethod::labelToPredecessors (54 bytes)

GC Heap History (2 events):
Event: 3.374 GC heap before
{Heap before GC invocations=1 (full 0):
 PSYoungGen      total 38400K, used 33280K [0x00000000eab00000, 0x00000000ed580000, 0x0000000100000000)
  eden space 33280K, 100% used [0x00000000eab00000,0x00000000ecb80000,0x00000000ecb80000)
  from space 5120K, 0% used [0x00000000ed080000,0x00000000ed080000,0x00000000ed580000)
  to   space 5120K, 0% used [0x00000000ecb80000,0x00000000ecb80000,0x00000000ed080000)
 ParOldGen       total 87552K, used 0K [0x00000000c0000000, 0x00000000c5580000, 0x00000000eab00000)
  object space 87552K, 0% used [0x00000000c0000000,0x00000000c0000000,0x00000000c5580000)
 Metaspace       used 5965K, capacity 6896K, committed 7040K, reserved 1056768K
  class space    used 593K, capacity 616K, committed 640K, reserved 1048576K
Event: 3.852 GC heap after
Heap after GC invocations=1 (full 0):
 PSYoungGen      total 38400K, used 5104K [0x00000000eab00000, 0x00000000ed580000, 0x0000000100000000)
  eden space 33280K, 0% used [0x00000000eab00000,0x00000000eab00000,0x00000000ecb80000)
  from space 5120K, 99% used [0x00000000ecb80000,0x00000000ed07c070,0x00000000ed080000)
  to   space 5120K, 0% used [0x00000000ed080000,0x00000000ed080000,0x00000000ed580000)
 ParOldGen       total 87552K, used 1768K [0x00000000c0000000, 0x00000000c5580000, 0x00000000eab00000)
  object space 87552K, 2% used [0x00000000c0000000,0x00000000c01ba0f0,0x00000000c5580000)
 Metaspace       used 5965K, capacity 6896K, committed 7040K, reserved 1056768K
  class space    used 593K, capacity 616K, committed 640K, reserved 1048576K
}

Deoptimization events (10 events):
Event: 2.714 Thread 0x0000000016e9f000 Uncommon trap: reason=class_check action=maybe_recompile pc=0x00000000023e85e0 method=com.android.dx.ssa.NormalSsaInsn.accept(Lcom/android/dx/ssa/SsaInsn$Visitor;)V @ 9
Event: 2.758 Thread 0x0000000016e8f800 Uncommon trap: reason=class_check action=maybe_recompile pc=0x00000000023e85e0 method=com.android.dx.ssa.NormalSsaInsn.accept(Lcom/android/dx/ssa/SsaInsn$Visitor;)V @ 9
Event: 2.758 Thread 0x0000000016e8f800 Uncommon trap: reason=class_check action=maybe_recompile pc=0x00000000022fd4f0 method=com.android.dx.ssa.NormalSsaInsn.accept(Lcom/android/dx/ssa/SsaInsn$Visitor;)V @ 9
Event: 2.874 Thread 0x0000000016e8f800 Uncommon trap: reason=unstable_if action=reinterpret pc=0x00000000024233f4 method=com.android.dx.rop.code.RegisterSpec.equals(ILcom/android/dx/rop/type/TypeBearer;Lcom/android/dx/rop/code/LocalItem;)Z @ 16
Event: 2.874 Thread 0x0000000016e8f800 Uncommon trap: reason=unstable_if action=reinterpret pc=0x00000000023ffa4c method=com.android.dx.rop.code.RegisterSpec.equals(ILcom/android/dx/rop/type/TypeBearer;Lcom/android/dx/rop/code/LocalItem;)Z @ 16
Event: 2.874 Thread 0x0000000016e8f800 Uncommon trap: reason=unstable_if action=reinterpret pc=0x000000000242e8e0 method=com.android.dx.rop.code.RegisterSpec.equals(ILcom/android/dx/rop/type/TypeBearer;Lcom/android/dx/rop/code/LocalItem;)Z @ 16
Event: 2.989 Thread 0x0000000016e8f800 Uncommon trap: reason=bimorphic action=maybe_recompile pc=0x000000000240dbc8 method=java.util.HashMap.putVal(ILjava/lang/Object;Ljava/lang/Object;ZZ)Ljava/lang/Object; @ 91
Event: 3.106 Thread 0x0000000016e8f800 Uncommon trap: reason=null_check action=make_not_entrant pc=0x00000000024ef560 method=com.android.dx.rop.type.Type.equals(Ljava/lang/Object;)Z @ 8
Event: 3.861 Thread 0x0000000016e8f800 Uncommon trap: reason=unstable_if action=reinterpret pc=0x00000000023dc9dc method=com.android.dx.rop.cst.Constant.compareTo(Lcom/android/dx/rop/cst/Constant;)I @ 12
Event: 3.872 Thread 0x0000000001fb0800 Uncommon trap: reason=bimorphic action=maybe_recompile pc=0x000000000240dbc8 method=java.util.HashMap.putVal(ILjava/lang/Object;Ljava/lang/Object;ZZ)Ljava/lang/Object; @ 91

Internal exceptions (3 events):
Event: 0.116 Thread 0x0000000001fb0800 Exception <a 'java/lang/NoSuchMethodError': Method sun.misc.Unsafe.defineClass(Ljava/lang/String;[BII)Ljava/lang/Class; name or signature does not match> (0x00000000eab12f38) thrown at [C:\re\workspace\8-2-build-windows-amd64-cygwin\jdk8u45\3457\hotspot\srSUÙ¼µ½?
Event: 0.116 Thread 0x0000000001fb0800 Exception <a 'java/lang/NoSuchMethodError': Method sun.misc.Unsafe.prefetchRead(Ljava/lang/Object;J)V name or signature does not match> (0x00000000eab131c8) thrown at [C:\re\workspace\8-2-build-windows-amd64-cygwin\jdk8u45\3457\hotspot\src\share\vm\prims\jNj‡‡áÙ@
Event: 3.106 Thread 0x0000000016e8f800 Implicit null exception at 0x00000000024ef462 to 0x00000000024ef552

Events (10 events):
Event: 3.106 Thread 0x0000000016e8f800 DEOPT PACKING pc=0x00000000024ef560 sp=0x00000000182ae2b0
Event: 3.106 Thread 0x0000000016e8f800 DEOPT UNPACKING pc=0x00000000020f582a sp=0x00000000182ae248 mode 2
Event: 3.180 Executing VM operation: ParallelGCFailedAllocation
Event: 3.852 Executing VM operation: ParallelGCFailedAllocation done
Event: 3.861 Thread 0x0000000016e8f800 Uncommon trap: trap_request=0xffffff65 fr.pc=0x00000000023dc9dc
Event: 3.861 Thread 0x0000000016e8f800 DEOPT PACKING pc=0x00000000023dc9dc sp=0x00000000182ae330
Event: 3.861 Thread 0x0000000016e8f800 DEOPT UNPACKING pc=0x00000000020f582a sp=0x00000000182ae2d0 mode 2
Event: 3.872 Thread 0x0000000001fb0800 Uncommon trap: trap_request=0xffffffc6 fr.pc=0x000000000240dbc8
Event: 3.872 Thread 0x0000000001fb0800 DEOPT PACKING pc=0x000000000240dbc8 sp=0x0000000001ebe1c0
Event: 3.872 Thread 0x0000000001fb0800 DEOPT UNPACKING pc=0x00000000020f582a sp=0x0000000001ebe0e8 mode 2


Dynamic libraries:
0x00007ff70fa50000 - 0x00007ff70fa87000 	C:\Program Files\Java\jdk1.8.0_45\bin\java.exe
0x00007ffc60a80000 - 0x00007ffc60c2c000 	C:\Windows\SYSTEM32\ntdll.dll
0x00007ffc606e0000 - 0x00007ffc6081e000 	C:\Windows\system32\KERNEL32.DLL
0x00007ffc5dd50000 - 0x00007ffc5de65000 	C:\Windows\system32\KERNELBASE.dll
0x00007ffc5c770000 - 0x00007ffc5c7fe000 	C:\Windows\system32\apphelp.dll
0x00007ffc595d0000 - 0x00007ffc59623000 	C:\Windows\AppPatch\AppPatch64\AcGenral.DLL
0x00007ffc5e250000 - 0x00007ffc5e2fa000 	C:\Windows\system32\msvcrt.dll
0x00007ffc5db90000 - 0x00007ffc5dbbe000 	C:\Windows\SYSTEM32\SspiCli.dll
0x00007ffc60620000 - 0x00007ffc60674000 	C:\Windows\system32\SHLWAPI.dll
0x00007ffc602e0000 - 0x00007ffc60457000 	C:\Windows\system32\USER32.dll
0x00007ffc5fe90000 - 0x00007ffc60024000 	C:\Windows\system32\ole32.dll
0x00007ffc5e900000 - 0x00007ffc5fe2b000 	C:\Windows\system32\SHELL32.dll
0x00007ffc5d420000 - 0x00007ffc5d441000 	C:\Windows\SYSTEM32\USERENV.dll
0x00007ffc609d0000 - 0x00007ffc60a7a000 	C:\Windows\system32\ADVAPI32.dll
0x00007ffc554a0000 - 0x00007ffc554be000 	C:\Windows\SYSTEM32\MPR.dll
0x00007ffc5e100000 - 0x00007ffc5e241000 	C:\Windows\system32\RPCRT4.dll
0x00007ffc5e310000 - 0x00007ffc5e369000 	C:\Windows\SYSTEM32\sechost.dll
0x00007ffc5e4a0000 - 0x00007ffc5e6b1000 	C:\Windows\SYSTEM32\combase.dll
0x00007ffc5e790000 - 0x00007ffc5e8df000 	C:\Windows\system32\GDI32.dll
0x00007ffc5dbd0000 - 0x00007ffc5dbe5000 	C:\Windows\SYSTEM32\profapi.dll
0x00007ffc5c120000 - 0x00007ffc5c1d2000 	C:\Windows\SYSTEM32\SHCORE.dll
0x00007ffc605c0000 - 0x00007ffc605f6000 	C:\Windows\system32\IMM32.DLL
0x00007ffc60460000 - 0x00007ffc605b2000 	C:\Windows\system32\MSCTF.dll
0x00007ffc5bac0000 - 0x00007ffc5bd3b000 	C:\Windows\WinSxS\amd64_microsoft.windows.common-controls_6595b64144ccf1df_6.0.9600.18006_none_623f33d3ecbe86e8\COMCTL32.dll
0x0000000074e50000 - 0x0000000074f22000 	C:\Program Files\Java\jdk1.8.0_45\jre\bin\msvcr100.dll
0x0000000075230000 - 0x0000000075ab3000 	C:\Program Files\Java\jdk1.8.0_45\jre\bin\server\jvm.dll
0x00007ffc5be20000 - 0x00007ffc5be29000 	C:\Windows\SYSTEM32\WSOCK32.dll
0x00007ffc5a150000 - 0x00007ffc5a172000 	C:\Windows\SYSTEM32\WINMM.dll
0x00007ffc5bd40000 - 0x00007ffc5bd4a000 	C:\Windows\SYSTEM32\VERSION.dll
0x00007ffc5e8f0000 - 0x00007ffc5e8f7000 	C:\Windows\system32\PSAPI.DLL
0x00007ffc5fe30000 - 0x00007ffc5fe8a000 	C:\Windows\system32\WS2_32.dll
0x00007ffc59de0000 - 0x00007ffc59e0a000 	C:\Windows\SYSTEM32\WINMMBASE.dll
0x00007ffc5e780000 - 0x00007ffc5e789000 	C:\Windows\system32\NSI.dll
0x00007ffc5dca0000 - 0x00007ffc5dcef000 	C:\Windows\SYSTEM32\cfgmgr32.dll
0x00007ffc5c9d0000 - 0x00007ffc5c9f8000 	C:\Windows\SYSTEM32\DEVOBJ.dll
0x0000000076560000 - 0x000000007656f000 	C:\Program Files\Java\jdk1.8.0_45\jre\bin\verify.dll
0x0000000076530000 - 0x0000000076559000 	C:\Program Files\Java\jdk1.8.0_45\jre\bin\java.dll
0x0000000075c70000 - 0x0000000075c86000 	C:\Program Files\Java\jdk1.8.0_45\jre\bin\zip.dll

VM Arguments:
jvm_args: -Djava.awt.headless=true -Xmx1024M -Dfile.encoding=x-windows-874 -Duser.country=US -Duser.language=en -Duser.variant 
java_command: com.android.dx.command.Main --dex --num-threads=4 --output C:\Users\Tossapon\project2\StadiumFinder-Android\app\build\intermediates\pre-dexed\debug\com.android.support-design-23.1.1_c13b5ceb34081b1fb9199b50b2289e6bf29a9d87.jar C:\Users\Tossapon\project2\StadiumFinder-Android\app\build\intermediates\exploded-aar\com.android.support\design\23.1.1\jars\classes.jar
java_class_path (initial): C:\Users\Tossapon\AppData\Local\Android\sdk\build-tools\23.0.2\lib\dx.jar
Launcher Type: SUN_STANDARD

Environment Variables:
PATH=C:\ProgramData\Oracle\Java\javapath;C:\Windows\system32;C:\Windows;C:\Windows\System32\Wbem;C:\Windows\System32\WindowsPowerShell\v1.0\;c:\Go\bin;C:\Program Files\MongoDB\Server\3.0\bin;C:\Program Files (x86)\Git\bin;C:\MinGW\bin;C:\Program Files\nodejs\;C:\Program Files\Java\jdk1.8.0_45\bin;C:\php;C:\ProgramData\ComposerSetup\bin;C:\Users\Tossapon\AppData\Roaming\Composer\vendor\bin;C:\mysql-5.6.27-winx64\bin;C:\php;C:\Program Files (x86)\NVIDIA Corporation\PhysX\Common;C:\Program Files (x86)\Microsoft Emulator Manager\1.0\;C:\Users\Tossapon\AppData\Local\Android\sdk\platform-tools;C:\Program Files (x86)\Nmap
USERNAME=Tossapon
OS=Windows_NT
PROCESSOR_IDENTIFIER=AMD64 Family 21 Model 1 Stepping 2, AuthenticAMD



---------------  S Y S T E M  ---------------

OS: Windows 8.1 , 64 bit Build 9600 (6.3.9600.17415)

CPU:total 8 (8 cores per cpu, 1 threads per core) family 21 model 1 stepping 2, cmov, cx8, fxsr, mmx, sse, sse2, sse3, ssse3, sse4.1, sse4.2, popcnt, avx, aes, clmul, mmxext, 3dnowpref, lzcnt, sse4a, tsc, tscinvbit, tscinv

Memory: 4k page, physical 8335664k(590600k free), swap 17771680k(4804k free)

vm_info: Java HotSpot(TM) 64-Bit Server VM (25.45-b02) for windows-amd64 JRE (1.8.0_45-b14), built on Apr 10 2015 10:34:15 by "java_re" with MS VC++ 10.0 (VS2010)

time: Sun Dec 20 16:26:56 2015
elapsed time: 3 seconds (0d 0h 0m 3s)

