#
# There is insufficient memory for the Java Runtime Environment to continue.
# Native memory allocation (malloc) failed to allocate 1082000 bytes for Chunk::new
# Possible reasons:
#   The system is out of physical RAM or swap space
#   In 32 bit mode, the process size limit was hit
# Possible solutions:
#   Reduce memory load on the system
#   Increase physical memory or swap space
#   Check if swap backing store is full
#   Use 64 bit Java on a 64 bit OS
#   Decrease Java heap size (-Xmx/-Xms)
#   Decrease number of Java threads
#   Decrease Java thread stack sizes (-Xss)
#   Set larger code cache with -XX:ReservedCodeCacheSize=
# This output file may be truncated or incomplete.
#
#  Out of Memory Error (allocation.cpp:390), pid=9732, tid=8732
#
# JRE version: Java(TM) SE Runtime Environment (8.0_45-b14) (build 1.8.0_45-b14)
# Java VM: Java HotSpot(TM) 64-Bit Server VM (25.45-b02 mixed mode windows-amd64 compressed oops)
# Failed to write core dump. Minidumps are not enabled by default on client versions of Windows
#

---------------  T H R E A D  ---------------

Current thread (0x0000000017184000):  JavaThread "C2 CompilerThread1" daemon [_thread_in_native, id=8732, stack(0x0000000017850000,0x0000000017950000)]

Stack: [0x0000000017850000,0x0000000017950000]
Native frames: (J=compiled Java code, j=interpreted, Vv=VM code, C=native code)
V  [jvm.dll+0x32b57a]
V  [jvm.dll+0x279873]
V  [jvm.dll+0x27a509]
V  [jvm.dll+0x271825]
V  [jvm.dll+0xcb9e2]
V  [jvm.dll+0xcbeac]
V  [jvm.dll+0x464342]
V  [jvm.dll+0x4db685]
V  [jvm.dll+0x4dc287]
V  [jvm.dll+0x46a551]
V  [jvm.dll+0x46cd52]
V  [jvm.dll+0x4500f2]
V  [jvm.dll+0xa4352]
V  [jvm.dll+0xa4c8f]
V  [jvm.dll+0x241984]
V  [jvm.dll+0x29853a]
C  [msvcr100.dll+0x21d9f]
C  [msvcr100.dll+0x21e3b]
C  [KERNEL32.DLL+0x13d2]
C  [ntdll.dll+0x15454]


Current CompileTask:
C2:   2445 1328       4       com.android.dx.ssa.SCCP::simulateBranch (666 bytes)


---------------  P R O C E S S  ---------------

Java Threads: ( => current thread )
  0x000000001747a800 JavaThread "pool-1-thread-4" [_thread_blocked, id=8020, stack(0x0000000018950000,0x0000000018a50000)]
  0x0000000017478000 JavaThread "pool-1-thread-3" [_thread_blocked, id=13736, stack(0x0000000018850000,0x0000000018950000)]
  0x0000000017471800 JavaThread "pool-1-thread-2" [_thread_blocked, id=2060, stack(0x0000000018750000,0x0000000018850000)]
  0x0000000017450000 JavaThread "pool-2-thread-1" [_thread_blocked, id=596, stack(0x0000000018650000,0x0000000018750000)]
  0x000000001754e800 JavaThread "pool-1-thread-1" [_thread_blocked, id=8272, stack(0x0000000018550000,0x0000000018650000)]
  0x0000000017270000 JavaThread "Service Thread" daemon [_thread_blocked, id=8380, stack(0x0000000017b50000,0x0000000017c50000)]
  0x00000000171f5800 JavaThread "C1 CompilerThread3" daemon [_thread_blocked, id=7612, stack(0x0000000017a50000,0x0000000017b50000)]
  0x00000000171d2000 JavaThread "C2 CompilerThread2" daemon [_thread_in_native, id=12492, stack(0x0000000017950000,0x0000000017a50000)]
=>0x0000000017184000 JavaThread "C2 CompilerThread1" daemon [_thread_in_native, id=8732, stack(0x0000000017850000,0x0000000017950000)]
  0x0000000017180800 JavaThread "C2 CompilerThread0" daemon [_thread_blocked, id=3928, stack(0x0000000017750000,0x0000000017850000)]
  0x000000001717d800 JavaThread "Attach Listener" daemon [_thread_blocked, id=3432, stack(0x0000000017650000,0x0000000017750000)]
  0x00000000171cb800 JavaThread "Signal Dispatcher" daemon [_thread_blocked, id=12468, stack(0x0000000017550000,0x0000000017650000)]
  0x0000000002609000 JavaThread "Finalizer" daemon [_thread_blocked, id=11612, stack(0x0000000017030000,0x0000000017130000)]
  0x0000000002602000 JavaThread "Reference Handler" daemon [_thread_blocked, id=2912, stack(0x0000000016f30000,0x0000000017030000)]
  0x0000000002510800 JavaThread "main" [_thread_blocked, id=3824, stack(0x0000000002410000,0x0000000002510000)]

Other Threads:
  0x0000000015129800 VMThread [stack: 0x0000000016e30000,0x0000000016f30000] [id=4688]
  0x0000000017270800 WatcherThread [stack: 0x0000000017c50000,0x0000000017d50000] [id=12220]

VM state:at safepoint (normal execution)

VM Mutex/Monitor currently owned by a thread:  ([mutex/lock_event])
[0x000000000240c110] Threads_lock - owner thread: 0x0000000015129800
[0x000000000240c910] Heap_lock - owner thread: 0x000000001747a800

Heap:
 PSYoungGen      total 38400K, used 38388K [0x00000000eab00000, 0x00000000ef600000, 0x0000000100000000)
  eden space 33280K, 100% used [0x00000000eab00000,0x00000000ecb80000,0x00000000ecb80000)
  from space 5120K, 99% used [0x00000000ecb80000,0x00000000ed07d310,0x00000000ed080000)
  to   space 5120K, 99% used [0x00000000ef100000,0x00000000ef5f9c78,0x00000000ef600000)
 ParOldGen       total 87552K, used 5256K [0x00000000c0000000, 0x00000000c5580000, 0x00000000eab00000)
  object space 87552K, 6% used [0x00000000c0000000,0x00000000c05222a8,0x00000000c5580000)
 Metaspace       used 6177K, capacity 7088K, committed 7296K, reserved 1056768K
  class space    used 590K, capacity 616K, committed 640K, reserved 1048576K

Card table byte_map: [0x00000000119d0000,0x0000000011be0000] byte_map_base: 0x00000000113d0000

Marking Bits: (ParMarkBitMap*) 0x0000000075a34040
 Begin Bits: [0x0000000012540000, 0x0000000013540000)
 End Bits:   [0x0000000013540000, 0x0000000014540000)

Polling page: 0x0000000002380000

CodeCache: size=245760Kb used=6357Kb max_used=6357Kb free=239402Kb
 bounds [0x0000000002610000, 0x0000000002c50000, 0x0000000011610000]
 total_blobs=1824 nmethods=1554 adapters=182
 compilation: enabled

Compilation events (10 events):
Event: 2.358 Thread 0x00000000171f5800 1559       3       com.android.dx.dex.file.CodeItem::<init> (81 bytes)
Event: 2.359 Thread 0x00000000171f5800 nmethod 1559 0x0000000002c3add0 code [0x0000000002c3af80, 0x0000000002c3b478]
Event: 2.370 Thread 0x00000000171f5800 1561       3       java.util.concurrent.locks.AbstractQueuedSynchronizer::acquire (27 bytes)
Event: 2.371 Thread 0x00000000171f5800 nmethod 1561 0x0000000002c3a610 code [0x0000000002c3a7c0, 0x0000000002c3ac78]
Event: 2.372 Thread 0x00000000171f5800 1562       1       com.android.dx.rop.code.LocalItem::getName (5 bytes)
Event: 2.372 Thread 0x00000000171f5800 nmethod 1562 0x0000000002c20310 code [0x0000000002c20460, 0x0000000002c20570]
Event: 2.389 Thread 0x00000000171f5800 1564   !   3       com.android.dx.cf.cst.ConstantPoolParser::determineOffsets (285 bytes)
Event: 2.391 Thread 0x00000000171f5800 nmethod 1564 0x0000000002c3d510 code [0x0000000002c3d8a0, 0x0000000002c3f398]
Event: 2.391 Thread 0x00000000171f5800 1565       3       com.android.dx.cf.cst.ConstantPoolParser::parse (365 bytes)
Event: 2.395 Thread 0x00000000171f5800 nmethod 1565 0x0000000002c40750 code [0x0000000002c40cc0, 0x0000000002c441c8]

GC Heap History (2 events):
Event: 1.860 GC heap before
{Heap before GC invocations=1 (full 0):
 PSYoungGen      total 38400K, used 33280K [0x00000000eab00000, 0x00000000ed580000, 0x0000000100000000)
  eden space 33280K, 100% used [0x00000000eab00000,0x00000000ecb80000,0x00000000ecb80000)
  from space 5120K, 0% used [0x00000000ed080000,0x00000000ed080000,0x00000000ed580000)
  to   space 5120K, 0% used [0x00000000ecb80000,0x00000000ecb80000,0x00000000ed080000)
 ParOldGen       total 87552K, used 0K [0x00000000c0000000, 0x00000000c5580000, 0x00000000eab00000)
  object space 87552K, 0% used [0x00000000c0000000,0x00000000c0000000,0x00000000c5580000)
 Metaspace       used 5987K, capacity 6960K, committed 7040K, reserved 1056768K
  class space    used 588K, capacity 616K, committed 640K, reserved 1048576K
Event: 1.950 GC heap after
Heap after GC invocations=1 (full 0):
 PSYoungGen      total 38400K, used 5108K [0x00000000eab00000, 0x00000000ef600000, 0x0000000100000000)
  eden space 33280K, 0% used [0x00000000eab00000,0x00000000eab00000,0x00000000ecb80000)
  from space 5120K, 99% used [0x00000000ecb80000,0x00000000ed07d310,0x00000000ed080000)
  to   space 5120K, 0% used [0x00000000ef100000,0x00000000ef100000,0x00000000ef600000)
 ParOldGen       total 87552K, used 1347K [0x00000000c0000000, 0x00000000c5580000, 0x00000000eab00000)
  object space 87552K, 1% used [0x00000000c0000000,0x00000000c0150e68,0x00000000c5580000)
 Metaspace       used 5987K, capacity 6960K, committed 7040K, reserved 1056768K
  class space    used 588K, capacity 616K, committed 640K, reserved 1048576K
}

Deoptimization events (10 events):
Event: 1.594 Thread 0x0000000017478000 Uncommon trap: reason=unstable_if action=reinterpret pc=0x0000000002909de8 method=com.android.dx.ssa.NormalSsaInsn.getLocalAssignment()Lcom/android/dx/rop/code/RegisterSpec; @ 12
Event: 1.594 Thread 0x0000000017478000 Uncommon trap: reason=unstable_if action=reinterpret pc=0x00000000028f8770 method=com.android.dx.ssa.NormalSsaInsn.getLocalAssignment()Lcom/android/dx/rop/code/RegisterSpec; @ 12
Event: 1.674 Thread 0x000000001747a800 Uncommon trap: reason=unstable_if action=reinterpret pc=0x00000000029b55b8 method=com.android.dx.cf.code.Ropper.labelToResultIndex(I)I @ 34
Event: 1.969 Thread 0x0000000017471800 Uncommon trap: reason=unstable_if action=reinterpret pc=0x0000000002aff964 method=java.util.HashMap.putVal(ILjava/lang/Object;Ljava/lang/Object;ZZ)Ljava/lang/Object; @ 94
Event: 1.969 Thread 0x0000000017471800 Uncommon trap: reason=bimorphic action=maybe_recompile pc=0x0000000002850cd0 method=java.util.HashMap.getNode(ILjava/lang/Object;)Ljava/util/HashMap$Node; @ 126
Event: 1.973 Thread 0x000000001747a800 Uncommon trap: reason=unstable_if action=reinterpret pc=0x0000000002b11668 method=com.android.dx.ssa.SCCP.simulateStmt(Lcom/android/dx/ssa/SsaInsn;)V @ 53
Event: 2.076 Thread 0x000000001754e800 Uncommon trap: reason=null_check action=make_not_entrant pc=0x00000000029e34a0 method=com.android.dx.rop.type.Type.equals(Ljava/lang/Object;)Z @ 8
Event: 2.083 Thread 0x0000000017471800 Uncommon trap: reason=unstable_if action=reinterpret pc=0x00000000029ce73c method=com.android.dx.util.IntList.binarysearch(I)I @ 105
Event: 2.235 Thread 0x0000000017471800 Uncommon trap: reason=bimorphic action=maybe_recompile pc=0x000000000281f53c method=java.util.HashMap.getNode(ILjava/lang/Object;)Ljava/util/HashMap$Node; @ 126
Event: 2.236 Thread 0x0000000017471800 Uncommon trap: reason=bimorphic action=maybe_recompile pc=0x0000000002850cd0 method=java.util.HashMap.getNode(ILjava/lang/Object;)Ljava/util/HashMap$Node; @ 126

Internal exceptions (3 events):
Event: 0.205 Thread 0x0000000002510800 Exception <a 'java/lang/NoSuchMethodError': Method sun.misc.Unsafe.defineClass(Ljava/lang/String;[BII)Ljava/lang/Class; name or signature does not match> (0x00000000eab12f38) thrown at [C:\re\workspace\8-2-build-windows-amd64-cygwin\jdk8u45\3457\hotspot\srÈP}Ë€1Ê?
Event: 0.205 Thread 0x0000000002510800 Exception <a 'java/lang/NoSuchMethodError': Method sun.misc.Unsafe.prefetchRead(Ljava/lang/Object;J)V name or signature does not match> (0x00000000eab131c8) thrown at [C:\re\workspace\8-2-build-windows-amd64-cygwin\jdk8u45\3457\hotspot\src\share\vm\prims\j"d+W˜œ
Event: 2.076 Thread 0x000000001754e800 Implicit null exception at 0x00000000029e33a2 to 0x00000000029e3492

Events (10 events):
Event: 2.077 Thread 0x000000001754e800 DEOPT UNPACKING pc=0x000000000265582a sp=0x000000001864e9e8 mode 2
Event: 2.083 Thread 0x0000000017471800 Uncommon trap: trap_request=0xffffff65 fr.pc=0x00000000029ce73c
Event: 2.083 Thread 0x0000000017471800 DEOPT PACKING pc=0x00000000029ce73c sp=0x000000001884e750
Event: 2.083 Thread 0x0000000017471800 DEOPT UNPACKING pc=0x000000000265582a sp=0x000000001884e6c8 mode 2
Event: 2.235 Thread 0x0000000017471800 Uncommon trap: trap_request=0xffffffc6 fr.pc=0x000000000281f53c
Event: 2.235 Thread 0x0000000017471800 DEOPT PACKING pc=0x000000000281f53c sp=0x000000001884e770
Event: 2.235 Thread 0x0000000017471800 DEOPT UNPACKING pc=0x000000000265582a sp=0x000000001884e6e0 mode 2
Event: 2.236 Thread 0x0000000017471800 Uncommon trap: trap_request=0xffffffc6 fr.pc=0x0000000002850cd0
Event: 2.236 Thread 0x0000000017471800 DEOPT PACKING pc=0x0000000002850cd0 sp=0x000000001884e7a0
Event: 2.236 Thread 0x0000000017471800 DEOPT UNPACKING pc=0x000000000265582a sp=0x000000001884e6a8 mode 2


Dynamic libraries:
0x00007ff70fa50000 - 0x00007ff70fa87000 	C:\Program Files\Java\jdk1.8.0_45\bin\java.exe
0x00007ffc60a80000 - 0x00007ffc60c2c000 	C:\Windows\SYSTEM32\ntdll.dll
0x00007ffc606e0000 - 0x00007ffc6081e000 	C:\Windows\system32\KERNEL32.DLL
0x00007ffc5dd50000 - 0x00007ffc5de65000 	C:\Windows\system32\KERNELBASE.dll
0x00007ffc5c770000 - 0x00007ffc5c7fe000 	C:\Windows\system32\apphelp.dll
0x00007ffc595d0000 - 0x00007ffc59623000 	C:\Windows\AppPatch\AppPatch64\AcGenral.DLL
0x00007ffc5e250000 - 0x00007ffc5e2fa000 	C:\Windows\system32\msvcrt.dll
0x00007ffc5db90000 - 0x00007ffc5dbbe000 	C:\Windows\SYSTEM32\SspiCli.dll
0x00007ffc60620000 - 0x00007ffc60674000 	C:\Windows\system32\SHLWAPI.dll
0x00007ffc602e0000 - 0x00007ffc60457000 	C:\Windows\system32\USER32.dll
0x00007ffc5fe90000 - 0x00007ffc60024000 	C:\Windows\system32\ole32.dll
0x00007ffc5e900000 - 0x00007ffc5fe2b000 	C:\Windows\system32\SHELL32.dll
0x00007ffc5d420000 - 0x00007ffc5d441000 	C:\Windows\SYSTEM32\USERENV.dll
0x00007ffc609d0000 - 0x00007ffc60a7a000 	C:\Windows\system32\ADVAPI32.dll
0x00007ffc554a0000 - 0x00007ffc554be000 	C:\Windows\SYSTEM32\MPR.dll
0x00007ffc5e100000 - 0x00007ffc5e241000 	C:\Windows\system32\RPCRT4.dll
0x00007ffc5e310000 - 0x00007ffc5e369000 	C:\Windows\SYSTEM32\sechost.dll
0x00007ffc5e4a0000 - 0x00007ffc5e6b1000 	C:\Windows\SYSTEM32\combase.dll
0x00007ffc5e790000 - 0x00007ffc5e8df000 	C:\Windows\system32\GDI32.dll
0x00007ffc5dbd0000 - 0x00007ffc5dbe5000 	C:\Windows\SYSTEM32\profapi.dll
0x00007ffc5c120000 - 0x00007ffc5c1d2000 	C:\Windows\SYSTEM32\SHCORE.dll
0x00007ffc605c0000 - 0x00007ffc605f6000 	C:\Windows\system32\IMM32.DLL
0x00007ffc60460000 - 0x00007ffc605b2000 	C:\Windows\system32\MSCTF.dll
0x00007ffc5bac0000 - 0x00007ffc5bd3b000 	C:\Windows\WinSxS\amd64_microsoft.windows.common-controls_6595b64144ccf1df_6.0.9600.18006_none_623f33d3ecbe86e8\COMCTL32.dll
0x0000000074e50000 - 0x0000000074f22000 	C:\Program Files\Java\jdk1.8.0_45\jre\bin\msvcr100.dll
0x0000000075230000 - 0x0000000075ab3000 	C:\Program Files\Java\jdk1.8.0_45\jre\bin\server\jvm.dll
0x00007ffc5be20000 - 0x00007ffc5be29000 	C:\Windows\SYSTEM32\WSOCK32.dll
0x00007ffc5a150000 - 0x00007ffc5a172000 	C:\Windows\SYSTEM32\WINMM.dll
0x00007ffc5bd40000 - 0x00007ffc5bd4a000 	C:\Windows\SYSTEM32\VERSION.dll
0x00007ffc5e8f0000 - 0x00007ffc5e8f7000 	C:\Windows\system32\PSAPI.DLL
0x00007ffc5fe30000 - 0x00007ffc5fe8a000 	C:\Windows\system32\WS2_32.dll
0x00007ffc59de0000 - 0x00007ffc59e0a000 	C:\Windows\SYSTEM32\WINMMBASE.dll
0x00007ffc5e780000 - 0x00007ffc5e789000 	C:\Windows\system32\NSI.dll
0x00007ffc5dca0000 - 0x00007ffc5dcef000 	C:\Windows\SYSTEM32\cfgmgr32.dll
0x00007ffc5c9d0000 - 0x00007ffc5c9f8000 	C:\Windows\SYSTEM32\DEVOBJ.dll
0x0000000076560000 - 0x000000007656f000 	C:\Program Files\Java\jdk1.8.0_45\jre\bin\verify.dll
0x0000000076530000 - 0x0000000076559000 	C:\Program Files\Java\jdk1.8.0_45\jre\bin\java.dll
0x0000000075c70000 - 0x0000000075c86000 	C:\Program Files\Java\jdk1.8.0_45\jre\bin\zip.dll
0x00007ffc424d0000 - 0x00007ffc42659000 	C:\Windows\SYSTEM32\dbghelp.dll

VM Arguments:
jvm_args: -Djava.awt.headless=true -Xmx1024M -Dfile.encoding=x-windows-874 -Duser.country=US -Duser.language=en -Duser.variant 
java_command: com.android.dx.command.Main --dex --num-threads=4 --output C:\Users\Tossapon\project2\StadiumFinder-Android\app\build\intermediates\pre-dexed\debug\com.google.android.gms-play-services-location-7.8.0_2727196f72f6781331fd947ea858154cecad3b70.jar C:\Users\Tossapon\project2\StadiumFinder-Android\app\build\intermediates\exploded-aar\com.google.android.gms\play-services-location\7.8.0\jars\classes.jar
java_class_path (initial): C:\Users\Tossapon\AppData\Local\Android\sdk\build-tools\23.0.2\lib\dx.jar
Launcher Type: SUN_STANDARD

Environment Variables:
PATH=C:\ProgramData\Oracle\Java\javapath;C:\Windows\system32;C:\Windows;C:\Windows\System32\Wbem;C:\Windows\System32\WindowsPowerShell\v1.0\;c:\Go\bin;C:\Program Files\MongoDB\Server\3.0\bin;C:\Program Files (x86)\Git\bin;C:\MinGW\bin;C:\Program Files\nodejs\;C:\Program Files\Java\jdk1.8.0_45\bin;C:\php;C:\ProgramData\ComposerSetup\bin;C:\Users\Tossapon\AppData\Roaming\Composer\vendor\bin;C:\mysql-5.6.27-winx64\bin;C:\php;C:\Program Files (x86)\NVIDIA Corporation\PhysX\Common;C:\Program Files (x86)\Microsoft Emulator Manager\1.0\;C:\Users\Tossapon\AppData\Local\Android\sdk\platform-tools;C:\Program Files (x86)\Nmap
USERNAME=Tossapon
OS=Windows_NT
PROCESSOR_IDENTIFIER=AMD64 Family 21 Model 1 Stepping 2, AuthenticAMD



---------------  S Y S T E M  ---------------

OS: Windows 8.1 , 64 bit Build 9600 (6.3.9600.17415)

CPU:total 8 (8 cores per cpu, 1 threads per core) family 21 model 1 stepping 2, cmov, cx8, fxsr, mmx, sse, sse2, sse3, ssse3, sse4.1, sse4.2, popcnt, avx, aes, clmul, mmxext, 3dnowpref, lzcnt, sse4a, tsc, tscinvbit, tscinv

Memory: 4k page, physical 8335664k(836252k free), swap 17771680k(5080k free)

vm_info: Java HotSpot(TM) 64-Bit Server VM (25.45-b02) for windows-amd64 JRE (1.8.0_45-b14), built on Apr 10 2015 10:34:15 by "java_re" with MS VC++ 10.0 (VS2010)

time: Sun Dec 20 16:26:51 2015
elapsed time: 2 seconds (0d 0h 0m 2s)

